This is pdfTeX, Version 3.14159265-2.6-1.40.18 (TeX Live 2017/Debian) (preloaded format=pdflatex 2018.11.10)  18 MAR 2021 11:30
entering extended mode
 restricted \write18 enabled.
 %&-line parsing enabled.
**main.tex
(./main.tex
LaTeX2e <2017-04-15>
Babel <3.18> and hyphenation patterns for 84 language(s) loaded.
(/usr/share/texlive/texmf-dist/tex/latex/base/article.cls
Document Class: article 2014/09/29 v1.4h Standard LaTeX document class
(/usr/share/texlive/texmf-dist/tex/latex/base/size10.clo
File: size10.clo 2014/09/29 v1.4h Standard LaTeX file (size option)
)
\c@part=\count79
\c@section=\count80
\c@subsection=\count81
\c@subsubsection=\count82
\c@paragraph=\count83
\c@subparagraph=\count84
\c@figure=\count85
\c@table=\count86
\abovecaptionskip=\skip41
\belowcaptionskip=\skip42
\bibindent=\dimen102
)
(/usr/share/texlive/texmf-dist/tex/generic/babel/babel.sty
Package: babel 2018/02/14 3.18 The Babel package

(/usr/share/texlive/texmf-dist/tex/generic/babel/switch.def
File: switch.def 2018/02/14 3.18 Babel switching mechanism
)
(/usr/share/texlive/texmf-dist/tex/generic/babel-english/english.ldf
Language: english 2017/06/06 v3.3r English support from the babel system

(/usr/share/texlive/texmf-dist/tex/generic/babel/babel.def
File: babel.def 2018/02/14 3.18 Babel common definitions
\babel@savecnt=\count87
\U@D=\dimen103

(/usr/share/texlive/texmf-dist/tex/generic/babel/txtbabel.def)
\bbl@dirlevel=\count88
)
\l@canadian = a dialect from \language\l@american 
\l@australian = a dialect from \language\l@british 
\l@newzealand = a dialect from \language\l@british 
))
(/usr/share/texlive/texmf-dist/tex/latex/base/inputenc.sty
Package: inputenc 2015/03/17 v1.2c Input encoding file
\inpenc@prehook=\toks14
\inpenc@posthook=\toks15

(/usr/share/texlive/texmf-dist/tex/latex/ucs/utf8x.def
File: utf8x.def 2004/10/17 UCS: Input encoding UTF-8
))
(/usr/share/texlive/texmf-dist/tex/latex/ucs/ucs.sty
Package: ucs 2013/05/11 v2.2 UCS: Unicode input support

(/usr/share/texlive/texmf-dist/tex/latex/ucs/data/uni-global.def
File: uni-global.def 2013/05/13 UCS: Unicode global data
)
\uc@secondtry=\count89
\uc@combtoks=\toks16
\uc@combtoksb=\toks17
\uc@temptokena=\toks18
)
(/usr/share/texlive/texmf-dist/tex/latex/base/fontenc.sty
Package: fontenc 2017/04/05 v2.0i Standard LaTeX package

(/usr/share/texlive/texmf-dist/tex/latex/base/t1enc.def
File: t1enc.def 2017/04/05 v2.0i Standard LaTeX file
LaTeX Font Info:    Redeclaring font encoding T1 on input line 48.
))
(/usr/share/texlive/texmf-dist/tex/latex/graphics/color.sty
Package: color 2016/07/10 v1.1e Standard LaTeX Color (DPC)

(/usr/share/texlive/texmf-dist/tex/latex/graphics-cfg/color.cfg
File: color.cfg 2016/01/02 v1.6 sample color configuration
)
Package color Info: Driver file: pdftex.def on input line 147.

(/usr/share/texlive/texmf-dist/tex/latex/graphics-def/pdftex.def
File: pdftex.def 2018/01/08 v1.0l Graphics/color driver for pdftex
)
(/usr/share/texlive/texmf-dist/tex/latex/graphics/dvipsnam.def
File: dvipsnam.def 2016/06/17 v3.0m Driver-dependent file (DPC,SPQR)
))
(/usr/share/texlive/texmf-dist/tex/latex/geometry/geometry.sty
Package: geometry 2010/09/12 v5.6 Page Geometry

(/usr/share/texlive/texmf-dist/tex/latex/graphics/keyval.sty
Package: keyval 2014/10/28 v1.15 key=value parser (DPC)
\KV@toks@=\toks19
)
(/usr/share/texlive/texmf-dist/tex/generic/oberdiek/ifpdf.sty
Package: ifpdf 2017/03/15 v3.2 Provides the ifpdf switch
)
(/usr/share/texlive/texmf-dist/tex/generic/oberdiek/ifvtex.sty
Package: ifvtex 2016/05/16 v1.6 Detect VTeX and its facilities (HO)
Package ifvtex Info: VTeX not detected.
)
(/usr/share/texlive/texmf-dist/tex/generic/ifxetex/ifxetex.sty
Package: ifxetex 2010/09/12 v0.6 Provides ifxetex conditional
)
\Gm@cnth=\count90
\Gm@cntv=\count91
\c@Gm@tempcnt=\count92
\Gm@bindingoffset=\dimen104
\Gm@wd@mp=\dimen105
\Gm@odd@mp=\dimen106
\Gm@even@mp=\dimen107
\Gm@layoutwidth=\dimen108
\Gm@layoutheight=\dimen109
\Gm@layouthoffset=\dimen110
\Gm@layoutvoffset=\dimen111
\Gm@dimlist=\toks20
)
(/usr/share/texlive/texmf-dist/tex/latex/silence/silence.sty
Package: silence 2012/07/02 v1.5b Selective filtering of warnings and error mes
sages
\sl@Save=\count93
\sl@StateNumber=\count94
\sl@MessageCount=\count95
\sl@Casualties=\count96
\sl@Filter=\toks21
\sl@Message=\toks22
\sl@UnexpandedMessage=\toks23
\sl@Mess@ge=\toks24
\sl@WarningCount=\count97
\sl@WarningNumber=\count98
\sl@WarningCasualties=\count99
\sl@TempBOW=\toks25
\sl@BankOfWarnings=\toks26
LaTeX Info: Redefining \GenericWarning on input line 433.
\sl@ErrorCount=\count100
\sl@ErrorNumber=\count101
\sl@ErrorCasualties=\count102
\sl@TempBOE=\toks27
\sl@BankOfErrors=\toks28
LaTeX Info: Redefining \GenericError on input line 601.
)
(/usr/share/texlive/texmf-dist/tex/latex/amsmath/amsmath.sty
Package: amsmath 2017/09/02 v2.17a AMS math features
\@mathmargin=\skip43

For additional information on amsmath, use the `?' option.
(/usr/share/texlive/texmf-dist/tex/latex/amsmath/amstext.sty
Package: amstext 2000/06/29 v2.01 AMS text

(/usr/share/texlive/texmf-dist/tex/latex/amsmath/amsgen.sty
File: amsgen.sty 1999/11/30 v2.0 generic functions
\@emptytoks=\toks29
\ex@=\dimen112
))
(/usr/share/texlive/texmf-dist/tex/latex/amsmath/amsbsy.sty
Package: amsbsy 1999/11/29 v1.2d Bold Symbols
\pmbraise@=\dimen113
)
(/usr/share/texlive/texmf-dist/tex/latex/amsmath/amsopn.sty
Package: amsopn 2016/03/08 v2.02 operator names
)
\inf@bad=\count103
LaTeX Info: Redefining \frac on input line 213.
\uproot@=\count104
\leftroot@=\count105
LaTeX Info: Redefining \overline on input line 375.
\classnum@=\count106
\DOTSCASE@=\count107
LaTeX Info: Redefining \ldots on input line 472.
LaTeX Info: Redefining \dots on input line 475.
LaTeX Info: Redefining \cdots on input line 596.
\Mathstrutbox@=\box26
\strutbox@=\box27
\big@size=\dimen114
LaTeX Font Info:    Redeclaring font encoding OML on input line 712.
LaTeX Font Info:    Redeclaring font encoding OMS on input line 713.
\macc@depth=\count108
\c@MaxMatrixCols=\count109
\dotsspace@=\muskip10
\c@parentequation=\count110
\dspbrk@lvl=\count111
\tag@help=\toks30
\row@=\count112
\column@=\count113
\maxfields@=\count114
\andhelp@=\toks31
\eqnshift@=\dimen115
\alignsep@=\dimen116
\tagshift@=\dimen117
\tagwidth@=\dimen118
\totwidth@=\dimen119
\lineht@=\dimen120
\@envbody=\toks32
\multlinegap=\skip44
\multlinetaggap=\skip45
\mathdisplay@stack=\toks33
LaTeX Info: Redefining \[ on input line 2817.
LaTeX Info: Redefining \] on input line 2818.
)
(/usr/share/texlive/texmf-dist/tex/latex/graphics/graphicx.sty
Package: graphicx 2017/06/01 v1.1a Enhanced LaTeX Graphics (DPC,SPQR)

(/usr/share/texlive/texmf-dist/tex/latex/graphics/graphics.sty
Package: graphics 2017/06/25 v1.2c Standard LaTeX Graphics (DPC,SPQR)

(/usr/share/texlive/texmf-dist/tex/latex/graphics/trig.sty
Package: trig 2016/01/03 v1.10 sin cos tan (DPC)
)
(/usr/share/texlive/texmf-dist/tex/latex/graphics-cfg/graphics.cfg
File: graphics.cfg 2016/06/04 v1.11 sample graphics configuration
)
Package graphics Info: Driver file: pdftex.def on input line 99.
)
\Gin@req@height=\dimen121
\Gin@req@width=\dimen122
)
(/usr/share/texlive/texmf-dist/tex/latex/todonotes/todonotes.sty
Package: todonotes 2015/07/09 .dtx Todonotes source and documentation.
Package: todonotes 2012/07/25

(/usr/share/texlive/texmf-dist/tex/latex/base/ifthen.sty
Package: ifthen 2014/09/29 v1.1c Standard LaTeX ifthen package (DPC)
)
(/usr/share/texlive/texmf-dist/tex/latex/xkeyval/xkeyval.sty
Package: xkeyval 2014/12/03 v2.7a package option processing (HA)

(/usr/share/texlive/texmf-dist/tex/generic/xkeyval/xkeyval.tex
(/usr/share/texlive/texmf-dist/tex/generic/xkeyval/xkvutils.tex
\XKV@toks=\toks34
\XKV@tempa@toks=\toks35
)
\XKV@depth=\count115
File: xkeyval.tex 2014/12/03 v2.7a key=value parser (HA)
))
(/usr/share/texlive/texmf-dist/tex/latex/xcolor/xcolor.sty
Package: xcolor 2016/05/11 v2.12 LaTeX color extensions (UK)

(/usr/share/texlive/texmf-dist/tex/latex/graphics-cfg/color.cfg
File: color.cfg 2016/01/02 v1.6 sample color configuration
)
Package xcolor Info: Driver file: pdftex.def on input line 225.
LaTeX Info: Redefining \color on input line 709.
Package xcolor Info: Model `cmy' substituted by `cmy0' on input line 1348.
Package xcolor Info: Model `hsb' substituted by `rgb' on input line 1352.
Package xcolor Info: Model `RGB' extended on input line 1364.
Package xcolor Info: Model `HTML' substituted by `rgb' on input line 1366.
Package xcolor Info: Model `Hsb' substituted by `hsb' on input line 1367.
Package xcolor Info: Model `tHsb' substituted by `hsb' on input line 1368.
Package xcolor Info: Model `HSB' substituted by `hsb' on input line 1369.
Package xcolor Info: Model `Gray' substituted by `gray' on input line 1370.
Package xcolor Info: Model `wave' substituted by `hsb' on input line 1371.
)
(/usr/share/texlive/texmf-dist/tex/latex/pgf/frontendlayer/tikz.sty
(/usr/share/texlive/texmf-dist/tex/latex/pgf/basiclayer/pgf.sty
(/usr/share/texlive/texmf-dist/tex/latex/pgf/utilities/pgfrcs.sty
(/usr/share/texlive/texmf-dist/tex/generic/pgf/utilities/pgfutil-common.tex
\pgfutil@everybye=\toks36
\pgfutil@tempdima=\dimen123
\pgfutil@tempdimb=\dimen124

(/usr/share/texlive/texmf-dist/tex/generic/pgf/utilities/pgfutil-common-lists.t
ex)) (/usr/share/texlive/texmf-dist/tex/generic/pgf/utilities/pgfutil-latex.def
\pgfutil@abb=\box28
(/usr/share/texlive/texmf-dist/tex/latex/ms/everyshi.sty
Package: everyshi 2001/05/15 v3.00 EveryShipout Package (MS)
))
(/usr/share/texlive/texmf-dist/tex/generic/pgf/utilities/pgfrcs.code.tex
Package: pgfrcs 2015/08/07 v3.0.1a (rcs-revision 1.31)
))
Package: pgf 2015/08/07 v3.0.1a (rcs-revision 1.15)

(/usr/share/texlive/texmf-dist/tex/latex/pgf/basiclayer/pgfcore.sty
(/usr/share/texlive/texmf-dist/tex/latex/pgf/systemlayer/pgfsys.sty
(/usr/share/texlive/texmf-dist/tex/generic/pgf/systemlayer/pgfsys.code.tex
Package: pgfsys 2014/07/09 v3.0.1a (rcs-revision 1.48)

(/usr/share/texlive/texmf-dist/tex/generic/pgf/utilities/pgfkeys.code.tex
\pgfkeys@pathtoks=\toks37
\pgfkeys@temptoks=\toks38

(/usr/share/texlive/texmf-dist/tex/generic/pgf/utilities/pgfkeysfiltered.code.t
ex
\pgfkeys@tmptoks=\toks39
))
\pgf@x=\dimen125
\pgf@y=\dimen126
\pgf@xa=\dimen127
\pgf@ya=\dimen128
\pgf@xb=\dimen129
\pgf@yb=\dimen130
\pgf@xc=\dimen131
\pgf@yc=\dimen132
\w@pgf@writea=\write3
\r@pgf@reada=\read1
\c@pgf@counta=\count116
\c@pgf@countb=\count117
\c@pgf@countc=\count118
\c@pgf@countd=\count119
\t@pgf@toka=\toks40
\t@pgf@tokb=\toks41
\t@pgf@tokc=\toks42
 (/usr/share/texlive/texmf-dist/tex/generic/pgf/systemlayer/pgf.cfg
File: pgf.cfg 2008/05/14  (rcs-revision 1.7)
)
Driver file for pgf: pgfsys-pdftex.def

(/usr/share/texlive/texmf-dist/tex/generic/pgf/systemlayer/pgfsys-pdftex.def
File: pgfsys-pdftex.def 2014/10/11  (rcs-revision 1.35)

(/usr/share/texlive/texmf-dist/tex/generic/pgf/systemlayer/pgfsys-common-pdf.de
f
File: pgfsys-common-pdf.def 2013/10/10  (rcs-revision 1.13)
)))
(/usr/share/texlive/texmf-dist/tex/generic/pgf/systemlayer/pgfsyssoftpath.code.
tex
File: pgfsyssoftpath.code.tex 2013/09/09  (rcs-revision 1.9)
\pgfsyssoftpath@smallbuffer@items=\count120
\pgfsyssoftpath@bigbuffer@items=\count121
)
(/usr/share/texlive/texmf-dist/tex/generic/pgf/systemlayer/pgfsysprotocol.code.
tex
File: pgfsysprotocol.code.tex 2006/10/16  (rcs-revision 1.4)
))
(/usr/share/texlive/texmf-dist/tex/generic/pgf/basiclayer/pgfcore.code.tex
Package: pgfcore 2010/04/11 v3.0.1a (rcs-revision 1.7)

(/usr/share/texlive/texmf-dist/tex/generic/pgf/math/pgfmath.code.tex
(/usr/share/texlive/texmf-dist/tex/generic/pgf/math/pgfmathcalc.code.tex
(/usr/share/texlive/texmf-dist/tex/generic/pgf/math/pgfmathutil.code.tex)
(/usr/share/texlive/texmf-dist/tex/generic/pgf/math/pgfmathparser.code.tex
\pgfmath@dimen=\dimen133
\pgfmath@count=\count122
\pgfmath@box=\box29
\pgfmath@toks=\toks43
\pgfmath@stack@operand=\toks44
\pgfmath@stack@operation=\toks45
)
(/usr/share/texlive/texmf-dist/tex/generic/pgf/math/pgfmathfunctions.code.tex
(/usr/share/texlive/texmf-dist/tex/generic/pgf/math/pgfmathfunctions.basic.code
.tex)
(/usr/share/texlive/texmf-dist/tex/generic/pgf/math/pgfmathfunctions.trigonomet
ric.code.tex)
(/usr/share/texlive/texmf-dist/tex/generic/pgf/math/pgfmathfunctions.random.cod
e.tex)
(/usr/share/texlive/texmf-dist/tex/generic/pgf/math/pgfmathfunctions.comparison
.code.tex)
(/usr/share/texlive/texmf-dist/tex/generic/pgf/math/pgfmathfunctions.base.code.
tex)
(/usr/share/texlive/texmf-dist/tex/generic/pgf/math/pgfmathfunctions.round.code
.tex)
(/usr/share/texlive/texmf-dist/tex/generic/pgf/math/pgfmathfunctions.misc.code.
tex)
(/usr/share/texlive/texmf-dist/tex/generic/pgf/math/pgfmathfunctions.integerari
thmetics.code.tex)))
(/usr/share/texlive/texmf-dist/tex/generic/pgf/math/pgfmathfloat.code.tex
\c@pgfmathroundto@lastzeros=\count123
))
(/usr/share/texlive/texmf-dist/tex/generic/pgf/basiclayer/pgfcorepoints.code.te
x
File: pgfcorepoints.code.tex 2013/10/07  (rcs-revision 1.27)
\pgf@picminx=\dimen134
\pgf@picmaxx=\dimen135
\pgf@picminy=\dimen136
\pgf@picmaxy=\dimen137
\pgf@pathminx=\dimen138
\pgf@pathmaxx=\dimen139
\pgf@pathminy=\dimen140
\pgf@pathmaxy=\dimen141
\pgf@xx=\dimen142
\pgf@xy=\dimen143
\pgf@yx=\dimen144
\pgf@yy=\dimen145
\pgf@zx=\dimen146
\pgf@zy=\dimen147
)
(/usr/share/texlive/texmf-dist/tex/generic/pgf/basiclayer/pgfcorepathconstruct.
code.tex
File: pgfcorepathconstruct.code.tex 2013/10/07  (rcs-revision 1.29)
\pgf@path@lastx=\dimen148
\pgf@path@lasty=\dimen149
)
(/usr/share/texlive/texmf-dist/tex/generic/pgf/basiclayer/pgfcorepathusage.code
.tex
File: pgfcorepathusage.code.tex 2014/11/02  (rcs-revision 1.24)
\pgf@shorten@end@additional=\dimen150
\pgf@shorten@start@additional=\dimen151
)
(/usr/share/texlive/texmf-dist/tex/generic/pgf/basiclayer/pgfcorescopes.code.te
x
File: pgfcorescopes.code.tex 2015/05/08  (rcs-revision 1.46)
\pgfpic=\box30
\pgf@hbox=\box31
\pgf@layerbox@main=\box32
\pgf@picture@serial@count=\count124
)
(/usr/share/texlive/texmf-dist/tex/generic/pgf/basiclayer/pgfcoregraphicstate.c
ode.tex
File: pgfcoregraphicstate.code.tex 2014/11/02  (rcs-revision 1.12)
\pgflinewidth=\dimen152
)
(/usr/share/texlive/texmf-dist/tex/generic/pgf/basiclayer/pgfcoretransformation
s.code.tex
File: pgfcoretransformations.code.tex 2015/08/07  (rcs-revision 1.20)
\pgf@pt@x=\dimen153
\pgf@pt@y=\dimen154
\pgf@pt@temp=\dimen155
)
(/usr/share/texlive/texmf-dist/tex/generic/pgf/basiclayer/pgfcorequick.code.tex
File: pgfcorequick.code.tex 2008/10/09  (rcs-revision 1.3)
)
(/usr/share/texlive/texmf-dist/tex/generic/pgf/basiclayer/pgfcoreobjects.code.t
ex
File: pgfcoreobjects.code.tex 2006/10/11  (rcs-revision 1.2)
)
(/usr/share/texlive/texmf-dist/tex/generic/pgf/basiclayer/pgfcorepathprocessing
.code.tex
File: pgfcorepathprocessing.code.tex 2013/09/09  (rcs-revision 1.9)
)
(/usr/share/texlive/texmf-dist/tex/generic/pgf/basiclayer/pgfcorearrows.code.te
x
File: pgfcorearrows.code.tex 2015/05/14  (rcs-revision 1.43)
\pgfarrowsep=\dimen156
)
(/usr/share/texlive/texmf-dist/tex/generic/pgf/basiclayer/pgfcoreshade.code.tex
File: pgfcoreshade.code.tex 2013/07/15  (rcs-revision 1.15)
\pgf@max=\dimen157
\pgf@sys@shading@range@num=\count125
)
(/usr/share/texlive/texmf-dist/tex/generic/pgf/basiclayer/pgfcoreimage.code.tex
File: pgfcoreimage.code.tex 2013/07/15  (rcs-revision 1.18)

(/usr/share/texlive/texmf-dist/tex/generic/pgf/basiclayer/pgfcoreexternal.code.
tex
File: pgfcoreexternal.code.tex 2014/07/09  (rcs-revision 1.21)
\pgfexternal@startupbox=\box33
))
(/usr/share/texlive/texmf-dist/tex/generic/pgf/basiclayer/pgfcorelayers.code.te
x
File: pgfcorelayers.code.tex 2013/07/18  (rcs-revision 1.7)
)
(/usr/share/texlive/texmf-dist/tex/generic/pgf/basiclayer/pgfcoretransparency.c
ode.tex
File: pgfcoretransparency.code.tex 2013/09/30  (rcs-revision 1.5)
)
(/usr/share/texlive/texmf-dist/tex/generic/pgf/basiclayer/pgfcorepatterns.code.
tex
File: pgfcorepatterns.code.tex 2013/11/07  (rcs-revision 1.5)
)))
(/usr/share/texlive/texmf-dist/tex/generic/pgf/modules/pgfmoduleshapes.code.tex
File: pgfmoduleshapes.code.tex 2014/03/21  (rcs-revision 1.35)
\pgfnodeparttextbox=\box34
) (/usr/share/texlive/texmf-dist/tex/generic/pgf/modules/pgfmoduleplot.code.tex
File: pgfmoduleplot.code.tex 2015/08/03  (rcs-revision 1.13)
)
(/usr/share/texlive/texmf-dist/tex/latex/pgf/compatibility/pgfcomp-version-0-65
.sty
Package: pgfcomp-version-0-65 2007/07/03 v3.0.1a (rcs-revision 1.7)
\pgf@nodesepstart=\dimen158
\pgf@nodesepend=\dimen159
)
(/usr/share/texlive/texmf-dist/tex/latex/pgf/compatibility/pgfcomp-version-1-18
.sty
Package: pgfcomp-version-1-18 2007/07/23 v3.0.1a (rcs-revision 1.1)
)) (/usr/share/texlive/texmf-dist/tex/latex/pgf/utilities/pgffor.sty
(/usr/share/texlive/texmf-dist/tex/latex/pgf/utilities/pgfkeys.sty
(/usr/share/texlive/texmf-dist/tex/generic/pgf/utilities/pgfkeys.code.tex))
(/usr/share/texlive/texmf-dist/tex/latex/pgf/math/pgfmath.sty
(/usr/share/texlive/texmf-dist/tex/generic/pgf/math/pgfmath.code.tex))
(/usr/share/texlive/texmf-dist/tex/generic/pgf/utilities/pgffor.code.tex
Package: pgffor 2013/12/13 v3.0.1a (rcs-revision 1.25)

(/usr/share/texlive/texmf-dist/tex/generic/pgf/math/pgfmath.code.tex)
\pgffor@iter=\dimen160
\pgffor@skip=\dimen161
\pgffor@stack=\toks46
\pgffor@toks=\toks47
))
(/usr/share/texlive/texmf-dist/tex/generic/pgf/frontendlayer/tikz/tikz.code.tex
Package: tikz 2015/08/07 v3.0.1a (rcs-revision 1.151)

(/usr/share/texlive/texmf-dist/tex/generic/pgf/libraries/pgflibraryplothandlers
.code.tex
File: pgflibraryplothandlers.code.tex 2013/08/31 v3.0.1a (rcs-revision 1.20)
\pgf@plot@mark@count=\count126
\pgfplotmarksize=\dimen162
)
\tikz@lastx=\dimen163
\tikz@lasty=\dimen164
\tikz@lastxsaved=\dimen165
\tikz@lastysaved=\dimen166
\tikzleveldistance=\dimen167
\tikzsiblingdistance=\dimen168
\tikz@figbox=\box35
\tikz@figbox@bg=\box36
\tikz@tempbox=\box37
\tikz@tempbox@bg=\box38
\tikztreelevel=\count127
\tikznumberofchildren=\count128
\tikznumberofcurrentchild=\count129
\tikz@fig@count=\count130

(/usr/share/texlive/texmf-dist/tex/generic/pgf/modules/pgfmodulematrix.code.tex
File: pgfmodulematrix.code.tex 2013/09/17  (rcs-revision 1.8)
\pgfmatrixcurrentrow=\count131
\pgfmatrixcurrentcolumn=\count132
\pgf@matrix@numberofcolumns=\count133
)
\tikz@expandcount=\count134

(/usr/share/texlive/texmf-dist/tex/generic/pgf/frontendlayer/tikz/libraries/tik
zlibrarytopaths.code.tex
File: tikzlibrarytopaths.code.tex 2008/06/17 v3.0.1a (rcs-revision 1.2)
)))
(/usr/share/texlive/texmf-dist/tex/generic/pgf/frontendlayer/tikz/libraries/tik
zlibrarypositioning.code.tex
File: tikzlibrarypositioning.code.tex 2008/10/06 v3.0.1a (rcs-revision 1.7)
)
(/usr/share/texlive/texmf-dist/tex/latex/tools/calc.sty
Package: calc 2014/10/28 v4.3 Infix arithmetic (KKT,FJ)
\calc@Acount=\count135
\calc@Bcount=\count136
\calc@Adimen=\dimen169
\calc@Bdimen=\dimen170
\calc@Askip=\skip46
\calc@Bskip=\skip47
LaTeX Info: Redefining \setlength on input line 80.
LaTeX Info: Redefining \addtolength on input line 81.
\calc@Ccount=\count137
\calc@Cskip=\skip48
)
\c@@todonotes@numberoftodonotes=\count138
)
(/usr/share/texlive/texmf-dist/tex/latex/hyperref/hyperref.sty
Package: hyperref 2018/02/06 v6.86b Hypertext links for LaTeX

(/usr/share/texlive/texmf-dist/tex/generic/oberdiek/hobsub-hyperref.sty
Package: hobsub-hyperref 2016/05/16 v1.14 Bundle oberdiek, subset hyperref (HO)


(/usr/share/texlive/texmf-dist/tex/generic/oberdiek/hobsub-generic.sty
Package: hobsub-generic 2016/05/16 v1.14 Bundle oberdiek, subset generic (HO)
Package: hobsub 2016/05/16 v1.14 Construct package bundles (HO)
Package: infwarerr 2016/05/16 v1.4 Providing info/warning/error messages (HO)
Package: ltxcmds 2016/05/16 v1.23 LaTeX kernel commands for general use (HO)
Package: ifluatex 2016/05/16 v1.4 Provides the ifluatex switch (HO)
Package ifluatex Info: LuaTeX not detected.
Package hobsub Info: Skipping package `ifvtex' (already loaded).
Package: intcalc 2016/05/16 v1.2 Expandable calculations with integers (HO)
Package hobsub Info: Skipping package `ifpdf' (already loaded).
Package: etexcmds 2016/05/16 v1.6 Avoid name clashes with e-TeX commands (HO)
Package etexcmds Info: Could not find \expanded.
(etexcmds)             That can mean that you are not using pdfTeX 1.50 or
(etexcmds)             that some package has redefined \expanded.
(etexcmds)             In the latter case, load this package earlier.
Package: kvsetkeys 2016/05/16 v1.17 Key value parser (HO)
Package: kvdefinekeys 2016/05/16 v1.4 Define keys (HO)
Package: pdftexcmds 2018/01/21 v0.26 Utility functions of pdfTeX for LuaTeX (HO
)
Package pdftexcmds Info: LuaTeX not detected.
Package pdftexcmds Info: \pdf@primitive is available.
Package pdftexcmds Info: \pdf@ifprimitive is available.
Package pdftexcmds Info: \pdfdraftmode found.
Package: pdfescape 2016/05/16 v1.14 Implements pdfTeX's escape features (HO)
Package: bigintcalc 2016/05/16 v1.4 Expandable calculations on big integers (HO
)
Package: bitset 2016/05/16 v1.2 Handle bit-vector datatype (HO)
Package: uniquecounter 2016/05/16 v1.3 Provide unlimited unique counter (HO)
)
Package hobsub Info: Skipping package `hobsub' (already loaded).
Package: letltxmacro 2016/05/16 v1.5 Let assignment for LaTeX macros (HO)
Package: hopatch 2016/05/16 v1.3 Wrapper for package hooks (HO)
Package: xcolor-patch 2016/05/16 xcolor patch
Package: atveryend 2016/05/16 v1.9 Hooks at the very end of document (HO)
Package atveryend Info: \enddocument detected (standard20110627).
Package: atbegshi 2016/06/09 v1.18 At begin shipout hook (HO)
Package: refcount 2016/05/16 v3.5 Data extraction from label references (HO)
Package: hycolor 2016/05/16 v1.8 Color options for hyperref/bookmark (HO)
)
(/usr/share/texlive/texmf-dist/tex/latex/oberdiek/auxhook.sty
Package: auxhook 2016/05/16 v1.4 Hooks for auxiliary files (HO)
)
(/usr/share/texlive/texmf-dist/tex/latex/oberdiek/kvoptions.sty
Package: kvoptions 2016/05/16 v3.12 Key value format for package options (HO)
)
\@linkdim=\dimen171
\Hy@linkcounter=\count139
\Hy@pagecounter=\count140

(/usr/share/texlive/texmf-dist/tex/latex/hyperref/pd1enc.def
File: pd1enc.def 2018/02/06 v6.86b Hyperref: PDFDocEncoding definition (HO)
)
\Hy@SavedSpaceFactor=\count141

(/usr/share/texlive/texmf-dist/tex/latex/latexconfig/hyperref.cfg
File: hyperref.cfg 2002/06/06 v1.2 hyperref configuration of TeXLive
)
Package hyperref Info: Option `colorlinks' set `true' on input line 4383.
Package hyperref Info: Option `unicode' set `true' on input line 4383.

(/usr/share/texlive/texmf-dist/tex/latex/hyperref/puenc.def
File: puenc.def 2018/02/06 v6.86b Hyperref: PDF Unicode definition (HO)
)
(/usr/share/texlive/texmf-dist/tex/generic/oberdiek/stringenc.sty
Package: stringenc 2016/05/16 v1.11 Convert strings between diff. encodings (HO
)
)
Package hyperref Info: Option `psdextra' set `true' on input line 4383.

(/usr/share/texlive/texmf-dist/tex/latex/hyperref/psdextra.def
File: psdextra.def 2018/02/06 v6.86b Hyperref: Additions to PDF string support
)
Package hyperref Info: Hyper figures OFF on input line 4509.
Package hyperref Info: Link nesting OFF on input line 4514.
Package hyperref Info: Hyper index ON on input line 4517.
Package hyperref Info: Plain pages OFF on input line 4524.
Package hyperref Info: Backreferencing OFF on input line 4529.
Package hyperref Info: Implicit mode ON; LaTeX internals redefined.
Package hyperref Info: Bookmarks ON on input line 4762.
\c@Hy@tempcnt=\count142

(/usr/share/texlive/texmf-dist/tex/latex/url/url.sty
\Urlmuskip=\muskip11
Package: url 2013/09/16  ver 3.4  Verb mode for urls, etc.
)
LaTeX Info: Redefining \url on input line 5115.
\XeTeXLinkMargin=\dimen172
\Fld@menulength=\count143
\Field@Width=\dimen173
\Fld@charsize=\dimen174
Package hyperref Info: Hyper figures OFF on input line 6369.
Package hyperref Info: Link nesting OFF on input line 6374.
Package hyperref Info: Hyper index ON on input line 6377.
Package hyperref Info: backreferencing OFF on input line 6384.
Package hyperref Info: Link coloring ON on input line 6387.
Package hyperref Info: Link coloring with OCG OFF on input line 6394.
Package hyperref Info: PDF/A mode OFF on input line 6399.
LaTeX Info: Redefining \ref on input line 6439.
LaTeX Info: Redefining \pageref on input line 6443.
\Hy@abspage=\count144
\c@Item=\count145
\c@Hfootnote=\count146
)
Package hyperref Info: Driver (autodetected): hpdftex.

(/usr/share/texlive/texmf-dist/tex/latex/hyperref/hpdftex.def
File: hpdftex.def 2018/02/06 v6.86b Hyperref driver for pdfTeX
\Fld@listcount=\count147
\c@bookmark@seq@number=\count148

(/usr/share/texlive/texmf-dist/tex/latex/oberdiek/rerunfilecheck.sty
Package: rerunfilecheck 2016/05/16 v1.8 Rerun checks for auxiliary files (HO)
Package uniquecounter Info: New unique counter `rerunfilecheck' on input line 2
82.
)
\Hy@SectionHShift=\skip49
)
(/usr/share/texlive/texmf-dist/tex/latex/cite/cite.sty
LaTeX Info: Redefining \cite on input line 302.
LaTeX Info: Redefining \nocite on input line 332.
Package: cite 2015/02/27  v 5.5
)
(/usr/share/texlive/texmf-dist/tex/latex/ms/ragged2e.sty
Package: ragged2e 2009/05/21 v2.1 ragged2e Package (MS)

(/usr/share/texlive/texmf-dist/tex/latex/ms/everysel.sty
Package: everysel 2011/10/28 v1.2 EverySelectfont Package (MS)
)
\CenteringLeftskip=\skip50
\RaggedLeftLeftskip=\skip51
\RaggedRightLeftskip=\skip52
\CenteringRightskip=\skip53
\RaggedLeftRightskip=\skip54
\RaggedRightRightskip=\skip55
\CenteringParfillskip=\skip56
\RaggedLeftParfillskip=\skip57
\RaggedRightParfillskip=\skip58
\JustifyingParfillskip=\skip59
\CenteringParindent=\skip60
\RaggedLeftParindent=\skip61
\RaggedRightParindent=\skip62
\JustifyingParindent=\skip63
)
(/usr/share/texlive/texmf-dist/tex/latex/oberdiek/bookmark.sty
Package: bookmark 2016/05/17 v1.26 PDF bookmarks (HO)

(/usr/share/texlive/texmf-dist/tex/latex/oberdiek/bkm-pdftex.def
File: bkm-pdftex.def 2016/05/17 v1.26 bookmark driver for pdfTeX (HO)
\BKM@id=\count149
))
(/usr/share/texlive/texmf-dist/tex/latex/comment/comment.sty
\CommentStream=\write4

Excluding comment 'comment')
(/usr/share/texlive/texmf-dist/tex/latex/lineno/lineno.sty
Package: lineno 2005/11/02 line numbers on paragraphs v4.41
\linenopenalty=\count150
\output=\toks48
\linenoprevgraf=\count151
\linenumbersep=\dimen175
\linenumberwidth=\dimen176
\c@linenumber=\count152
\c@pagewiselinenumber=\count153
\c@LN@truepage=\count154
\c@internallinenumber=\count155
\c@internallinenumbers=\count156
\quotelinenumbersep=\dimen177
\bframerule=\dimen178
\bframesep=\dimen179
\bframebox=\box39
LaTeX Info: Redefining \\ on input line 3056.
)
(/usr/share/texlive/texmf-dist/tex/latex/fancyhdr/fancyhdr.sty
Package: fancyhdr 2017/06/30 v3.9a Extensive control of page headers and footer
s
\f@nch@headwidth=\skip64
\f@nch@O@elh=\skip65
\f@nch@O@erh=\skip66
\f@nch@O@olh=\skip67
\f@nch@O@orh=\skip68
\f@nch@O@elf=\skip69
\f@nch@O@erf=\skip70
\f@nch@O@olf=\skip71
\f@nch@O@orf=\skip72
)
(/usr/share/texlive/texmf-dist/tex/latex/import/import.sty
Package: import 2009/03/23  v 5.1
)
(/usr/share/texlive/texmf-dist/tex/latex/etoolbox/etoolbox.sty
Package: etoolbox 2018/02/11 v2.5e e-TeX tools for LaTeX (JAW)
\etb@tempcnta=\count157
)
(/usr/share/texlive/texmf-dist/tex/generic/arrayjobx/arrayjobx.sty
Package: arrayjobx 2010/05/03 v1.04 Array management
\dataheight=\count158
\array@width=\count159
\index@count=\count160
\index@total=\count161
\temp@toks=\toks49
\temp@count=\count162
\temp@@count=\count163
\temp@@@count=\count164
)
(/usr/share/texlive/texmf-dist/tex/generic/xstring/xstring.sty
(/usr/share/texlive/texmf-dist/tex/generic/xstring/xstring.tex
\@xs@message=\write5
\integerpart=\count165
\decimalpart=\count166
)
Package: xstring 2013/10/13  v1.7c  String manipulations (C Tellechea)
)
(/usr/share/texlive/texmf-dist/tex/latex/caption/caption.sty
Package: caption 2016/02/21 v3.3-144 Customizing captions (AR)

(/usr/share/texlive/texmf-dist/tex/latex/caption/caption3.sty
Package: caption3 2016/05/22 v1.7-166 caption3 kernel (AR)
Package caption3 Info: TeX engine: e-TeX on input line 67.
\captionmargin=\dimen180
\captionmargin@=\dimen181
\captionwidth=\dimen182
\caption@tempdima=\dimen183
\caption@indent=\dimen184
\caption@parindent=\dimen185
\caption@hangindent=\dimen186
)
\c@ContinuedFloat=\count167
Package caption Info: hyperref package is loaded.
)
(/usr/share/texlive/texmf-dist/tex/latex/makecell/makecell.sty
Package: makecell 2009/08/03 V0.1e Managing of Tab Column Heads and Cells

(/usr/share/texlive/texmf-dist/tex/latex/tools/array.sty
Package: array 2016/10/06 v2.4d Tabular extension package (FMi)
\col@sep=\dimen187
\extrarowheight=\dimen188
\NC@list=\toks50
\extratabsurround=\skip73
\backup@length=\skip74
)
\rotheadsize=\dimen189
\c@nlinenum=\count168
\TeXr@lab=\toks51
)
Package hyperref Info: Option `colorlinks' set `true' on input line 88.
 (./main.aux)
\openout1 = `main.aux'.

LaTeX Font Info:    Checking defaults for OML/cmm/m/it on input line 102.
LaTeX Font Info:    ... okay on input line 102.
LaTeX Font Info:    Checking defaults for T1/cmr/m/n on input line 102.
LaTeX Font Info:    ... okay on input line 102.
LaTeX Font Info:    Checking defaults for OT1/cmr/m/n on input line 102.
LaTeX Font Info:    ... okay on input line 102.
LaTeX Font Info:    Checking defaults for OMS/cmsy/m/n on input line 102.
LaTeX Font Info:    ... okay on input line 102.
LaTeX Font Info:    Checking defaults for OMX/cmex/m/n on input line 102.
LaTeX Font Info:    ... okay on input line 102.
LaTeX Font Info:    Checking defaults for U/cmr/m/n on input line 102.
LaTeX Font Info:    ... okay on input line 102.
LaTeX Font Info:    Checking defaults for PD1/pdf/m/n on input line 102.
LaTeX Font Info:    ... okay on input line 102.
LaTeX Font Info:    Checking defaults for PU/pdf/m/n on input line 102.
LaTeX Font Info:    ... okay on input line 102.

(/usr/share/texlive/texmf-dist/tex/latex/ucs/ucsencs.def
File: ucsencs.def 2011/01/21 Fixes to fontencodings LGR, T3
)
(/usr/share/texlive/texmf-dist/tex/context/base/mkii/supp-pdf.mkii
[Loading MPS to PDF converter (version 2006.09.02).]
\scratchcounter=\count169
\scratchdimen=\dimen190
\scratchbox=\box40
\nofMPsegments=\count170
\nofMParguments=\count171
\everyMPshowfont=\toks52
\MPscratchCnt=\count172
\MPscratchDim=\dimen191
\MPnumerator=\count173
\makeMPintoPDFobject=\count174
\everyMPtoPDFconversion=\toks53
) (/usr/share/texlive/texmf-dist/tex/latex/oberdiek/epstopdf-base.sty
Package: epstopdf-base 2016/05/15 v2.6 Base part for package epstopdf

(/usr/share/texlive/texmf-dist/tex/latex/oberdiek/grfext.sty
Package: grfext 2016/05/16 v1.2 Manage graphics extensions (HO)
)
Package epstopdf-base Info: Redefining graphics rule for `.eps' on input line 4
38.
Package grfext Info: Graphics extension search list:
(grfext)             [.pdf,.png,.jpg,.mps,.jpeg,.jbig2,.jb2,.PDF,.PNG,.JPG,.JPE
G,.JBIG2,.JB2,.eps]
(grfext)             \AppendGraphicsExtensions on input line 456.

(/usr/share/texlive/texmf-dist/tex/latex/latexconfig/epstopdf-sys.cfg
File: epstopdf-sys.cfg 2010/07/13 v1.3 Configuration of (r)epstopdf for TeX Liv
e
))
*geometry* driver: auto-detecting
*geometry* detected driver: pdftex
*geometry* verbose mode - [ preamble ] result:
* driver: pdftex
* paper: a4paper
* layout: <same size as paper>
* layoutoffset:(h,v)=(0.0pt,0.0pt)
* modes: 
* h-part:(L,W,R)=(65.44142pt, 466.62503pt, 65.44142pt)
* v-part:(T,H,B)=(85.35826pt, 702.78308pt, 56.9055pt)
* \paperwidth=597.50787pt
* \paperheight=845.04684pt
* \textwidth=466.62503pt
* \textheight=702.78308pt
* \oddsidemargin=-6.82857pt
* \evensidemargin=-6.82857pt
* \topmargin=-23.91173pt
* \headheight=13.0pt
* \headsep=25.0pt
* \topskip=10.0pt
* \footskip=30.0pt
* \marginparwidth=49.79231pt
* \marginparsep=11.0pt
* \columnsep=10.0pt
* \skip\footins=9.0pt plus 4.0pt minus 2.0pt
* \hoffset=0.0pt
* \voffset=0.0pt
* \mag=1000
* \@twocolumnfalse
* \@twosidefalse
* \@mparswitchfalse
* \@reversemarginfalse
* (1in=72.27pt=25.4mm, 1cm=28.453pt)

ABD: EveryShipout initializing macros
\AtBeginShipoutBox=\box41
Package hyperref Info: Link coloring ON on input line 102.

(/usr/share/texlive/texmf-dist/tex/latex/hyperref/nameref.sty
Package: nameref 2016/05/21 v2.44 Cross-referencing by name of section

(/usr/share/texlive/texmf-dist/tex/generic/oberdiek/gettitlestring.sty
Package: gettitlestring 2016/05/16 v1.5 Cleanup title references (HO)
)
\c@section@level=\count175
)
LaTeX Info: Redefining \ref on input line 102.
LaTeX Info: Redefining \pageref on input line 102.
LaTeX Info: Redefining \nameref on input line 102.

ABD: EverySelectfont initializing macros
LaTeX Info: Redefining \selectfont on input line 102.
Package caption Info: Begin \AtBeginDocument code.
Package caption Info: End \AtBeginDocument code.

(/usr/share/texlive/texmf-dist/tex/generic/oberdiek/se-pdfdoc.def
File: se-pdfdoc.def 2016/05/16 v1.11 stringenc: PDFDocEncoding
)
LaTeX Font Info:    Try loading font information for OMS+cmr on input line 116.


(/usr/share/texlive/texmf-dist/tex/latex/base/omscmr.fd
File: omscmr.fd 2014/09/29 v2.5h Standard LaTeX font definitions
)
LaTeX Font Info:    Font shape `OMS/cmr/m/n' in size <10> not available
(Font)              Font shape `OMS/cmsy/m/n' tried instead on input line 116.
 [1

{/var/lib/texmf/fonts/map/pdftex/updmap/pdftex.map}]

Package hyperref Warning: Token not allowed in a PDF string (Unicode):
(hyperref)                removing `math shift' on input line 140.


Package hyperref Warning: Token not allowed in a PDF string (Unicode):
(hyperref)                removing `math shift' on input line 140.

</home/afroditi/Dropbox/PhD/myCode/30th_Refactorization/e4nu/eGENIEPaperCode/my
Plots/C12_1161_ElectronCosTheta_GTEST19_10a_00_000_QE.pdf, id=22, 569.12625pt x
 411.5375pt>
File: /home/afroditi/Dropbox/PhD/myCode/30th_Refactorization/e4nu/eGENIEPaperCo
de/myPlots/C12_1161_ElectronCosTheta_GTEST19_10a_00_000_QE.pdf Graphic file (ty
pe pdf)
<use /home/afroditi/Dropbox/PhD/myCode/30th_Refactorization/e4nu/eGENIEPaperCod
e/myPlots/C12_1161_ElectronCosTheta_GTEST19_10a_00_000_QE.pdf>
Package pdftex.def Info: /home/afroditi/Dropbox/PhD/myCode/30th_Refactorization
/e4nu/eGENIEPaperCode/myPlots/C12_1161_ElectronCosTheta_GTEST19_10a_00_000_QE.p
df  used on input line 142.
(pdftex.def)             Requested size: 228.64882pt x 165.34052pt.
</home/afroditi/Dropbox/PhD/myCode/30th_Refactorization/e4nu/eGENIEPaperCode/my
Plots/C12_1161_ElectronCosTheta_GTEST19_10b_00_000_QE.pdf, id=23, 569.12625pt x
 411.5375pt>
File: /home/afroditi/Dropbox/PhD/myCode/30th_Refactorization/e4nu/eGENIEPaperCo
de/myPlots/C12_1161_ElectronCosTheta_GTEST19_10b_00_000_QE.pdf Graphic file (ty
pe pdf)
<use /home/afroditi/Dropbox/PhD/myCode/30th_Refactorization/e4nu/eGENIEPaperCod
e/myPlots/C12_1161_ElectronCosTheta_GTEST19_10b_00_000_QE.pdf>
Package pdftex.def Info: /home/afroditi/Dropbox/PhD/myCode/30th_Refactorization
/e4nu/eGENIEPaperCode/myPlots/C12_1161_ElectronCosTheta_GTEST19_10b_00_000_QE.p
df  used on input line 142.
(pdftex.def)             Requested size: 228.64882pt x 165.34052pt.
</home/afroditi/Dropbox/PhD/myCode/30th_Refactorization/e4nu/eGENIEPaperCode/my
Plots/C12_1161_ElectronCosTheta_G18_10a_02_11a_QE.pdf, id=24, 569.12625pt x 411
.5375pt>
File: /home/afroditi/Dropbox/PhD/myCode/30th_Refactorization/e4nu/eGENIEPaperCo
de/myPlots/C12_1161_ElectronCosTheta_G18_10a_02_11a_QE.pdf Graphic file (type p
df)
<use /home/afroditi/Dropbox/PhD/myCode/30th_Refactorization/e4nu/eGENIEPaperCod
e/myPlots/C12_1161_ElectronCosTheta_G18_10a_02_11a_QE.pdf>
Package pdftex.def Info: /home/afroditi/Dropbox/PhD/myCode/30th_Refactorization
/e4nu/eGENIEPaperCode/myPlots/C12_1161_ElectronCosTheta_G18_10a_02_11a_QE.pdf  
used on input line 142.
(pdftex.def)             Requested size: 228.64882pt x 165.34052pt.
</home/afroditi/Dropbox/PhD/myCode/30th_Refactorization/e4nu/eGENIEPaperCode/my
Plots/C12_1161_ElectronCosTheta_G18_10b_02_11a_QE.pdf, id=25, 569.12625pt x 411
.5375pt>
File: /home/afroditi/Dropbox/PhD/myCode/30th_Refactorization/e4nu/eGENIEPaperCo
de/myPlots/C12_1161_ElectronCosTheta_G18_10b_02_11a_QE.pdf Graphic file (type p
df)
<use /home/afroditi/Dropbox/PhD/myCode/30th_Refactorization/e4nu/eGENIEPaperCod
e/myPlots/C12_1161_ElectronCosTheta_G18_10b_02_11a_QE.pdf>
Package pdftex.def Info: /home/afroditi/Dropbox/PhD/myCode/30th_Refactorization
/e4nu/eGENIEPaperCode/myPlots/C12_1161_ElectronCosTheta_G18_10b_02_11a_QE.pdf  
used on input line 142.
(pdftex.def)             Requested size: 228.64882pt x 165.34052pt.
</home/afroditi/Dropbox/PhD/myCode/30th_Refactorization/e4nu/eGENIEPaperCode/my
Plots/Ratio_C12_1161_ElectronCosTheta_GTEST19_10a_00_000_QE.pdf, id=26, 569.126
25pt x 411.5375pt>
File: /home/afroditi/Dropbox/PhD/myCode/30th_Refactorization/e4nu/eGENIEPaperCo
de/myPlots/Ratio_C12_1161_ElectronCosTheta_GTEST19_10a_00_000_QE.pdf Graphic fi
le (type pdf)
<use /home/afroditi/Dropbox/PhD/myCode/30th_Refactorization/e4nu/eGENIEPaperCod
e/myPlots/Ratio_C12_1161_ElectronCosTheta_GTEST19_10a_00_000_QE.pdf>
Package pdftex.def Info: /home/afroditi/Dropbox/PhD/myCode/30th_Refactorization
/e4nu/eGENIEPaperCode/myPlots/Ratio_C12_1161_ElectronCosTheta_GTEST19_10a_00_00
0_QE.pdf  used on input line 142.
(pdftex.def)             Requested size: 228.64882pt x 165.34052pt.
</home/afroditi/Dropbox/PhD/myCode/30th_Refactorization/e4nu/eGENIEPaperCode/my
Plots/Ratio_C12_1161_ElectronCosTheta_GTEST19_10b_00_000_QE.pdf, id=27, 569.126
25pt x 411.5375pt>
File: /home/afroditi/Dropbox/PhD/myCode/30th_Refactorization/e4nu/eGENIEPaperCo
de/myPlots/Ratio_C12_1161_ElectronCosTheta_GTEST19_10b_00_000_QE.pdf Graphic fi
le (type pdf)
<use /home/afroditi/Dropbox/PhD/myCode/30th_Refactorization/e4nu/eGENIEPaperCod
e/myPlots/Ratio_C12_1161_ElectronCosTheta_GTEST19_10b_00_000_QE.pdf>
Package pdftex.def Info: /home/afroditi/Dropbox/PhD/myCode/30th_Refactorization
/e4nu/eGENIEPaperCode/myPlots/Ratio_C12_1161_ElectronCosTheta_GTEST19_10b_00_00
0_QE.pdf  used on input line 142.
(pdftex.def)             Requested size: 228.64882pt x 165.34052pt.
</home/afroditi/Dropbox/PhD/myCode/30th_Refactorization/e4nu/eGENIEPaperCode/my
Plots/Ratio_C12_1161_ElectronCosTheta_G18_10a_02_11a_QE.pdf, id=28, 569.12625pt
 x 411.5375pt>
File: /home/afroditi/Dropbox/PhD/myCode/30th_Refactorization/e4nu/eGENIEPaperCo
de/myPlots/Ratio_C12_1161_ElectronCosTheta_G18_10a_02_11a_QE.pdf Graphic file (
type pdf)
<use /home/afroditi/Dropbox/PhD/myCode/30th_Refactorization/e4nu/eGENIEPaperCod
e/myPlots/Ratio_C12_1161_ElectronCosTheta_G18_10a_02_11a_QE.pdf>
Package pdftex.def Info: /home/afroditi/Dropbox/PhD/myCode/30th_Refactorization
/e4nu/eGENIEPaperCode/myPlots/Ratio_C12_1161_ElectronCosTheta_G18_10a_02_11a_QE
.pdf  used on input line 142.
(pdftex.def)             Requested size: 228.64882pt x 165.34052pt.
</home/afroditi/Dropbox/PhD/myCode/30th_Refactorization/e4nu/eGENIEPaperCode/my
Plots/Ratio_C12_1161_ElectronCosTheta_G18_10b_02_11a_QE.pdf, id=29, 569.12625pt
 x 411.5375pt>
File: /home/afroditi/Dropbox/PhD/myCode/30th_Refactorization/e4nu/eGENIEPaperCo
de/myPlots/Ratio_C12_1161_ElectronCosTheta_G18_10b_02_11a_QE.pdf Graphic file (
type pdf)
<use /home/afroditi/Dropbox/PhD/myCode/30th_Refactorization/e4nu/eGENIEPaperCod
e/myPlots/Ratio_C12_1161_ElectronCosTheta_G18_10b_02_11a_QE.pdf>
Package pdftex.def Info: /home/afroditi/Dropbox/PhD/myCode/30th_Refactorization
/e4nu/eGENIEPaperCode/myPlots/Ratio_C12_1161_ElectronCosTheta_G18_10b_02_11a_QE
.pdf  used on input line 142.
(pdftex.def)             Requested size: 228.64882pt x 165.34052pt.
</home/afroditi/Dropbox/PhD/myCode/30th_Refactorization/e4nu/eGENIEPaperCode/my
Plots/DoubleRatio_C12_1161_ElectronCosTheta_QE.pdf, id=30, 569.12625pt x 411.53
75pt>
File: /home/afroditi/Dropbox/PhD/myCode/30th_Refactorization/e4nu/eGENIEPaperCo
de/myPlots/DoubleRatio_C12_1161_ElectronCosTheta_QE.pdf Graphic file (type pdf)

<use /home/afroditi/Dropbox/PhD/myCode/30th_Refactorization/e4nu/eGENIEPaperCod
e/myPlots/DoubleRatio_C12_1161_ElectronCosTheta_QE.pdf>
Package pdftex.def Info: /home/afroditi/Dropbox/PhD/myCode/30th_Refactorization
/e4nu/eGENIEPaperCode/myPlots/DoubleRatio_C12_1161_ElectronCosTheta_QE.pdf  use
d on input line 142.
(pdftex.def)             Requested size: 228.64882pt x 165.34052pt.
pdfTeX warning (ext4): destination with the same identifier (name{page.}) has b
een already used, duplicate ignored
<to be read again> 
                   \relax 
l.142 \PrintPlots{ElectronCosTheta}
                                    [2

 </home/afroditi/Dropbox/PhD/myCode/30th_Refactorization/e4nu/eGENIEPaperCode/m
yPlots/C12_1161_ElectronCosTheta_GTEST19_10a_00_000_QE.pdf, page is rotated 90 
degrees> </home/afroditi/Dropbox/PhD/myCode/30th_Refactorization/e4nu/eGENIEPap
erCode/myPlots/C12_1161_ElectronCosTheta_GTEST19_10b_00_000_QE.pdf, page is rot
ated 90 degrees> </home/afroditi/Dropbox/PhD/myCode/30th_Refactorization/e4nu/e
GENIEPaperCode/myPlots/C12_1161_ElectronCosTheta_G18_10a_02_11a_QE.pdf, page is
 rotated 90 degrees> </home/afroditi/Dropbox/PhD/myCode/30th_Refactorization/e4
nu/eGENIEPaperCode/myPlots/C12_1161_ElectronCosTheta_G18_10b_02_11a_QE.pdf, pag
e is rotated 90 degrees>]pdfTeX warning (ext4): destination with the same ident
ifier (name{page.}) has been already used, duplicate ignored
<to be read again> 
                   \relax 
l.142 \PrintPlots{ElectronCosTheta}
                                    [3 </home/afroditi/Dropbox/PhD/myCode/30th_
Refactorization/e4nu/eGENIEPaperCode/myPlots/Ratio_C12_1161_ElectronCosTheta_GT
EST19_10a_00_000_QE.pdf, page is rotated 90 degrees> </home/afroditi/Dropbox/Ph
D/myCode/30th_Refactorization/e4nu/eGENIEPaperCode/myPlots/Ratio_C12_1161_Elect
ronCosTheta_GTEST19_10b_00_000_QE.pdf, page is rotated 90 degrees> </home/afrod
iti/Dropbox/PhD/myCode/30th_Refactorization/e4nu/eGENIEPaperCode/myPlots/Ratio_
C12_1161_ElectronCosTheta_G18_10a_02_11a_QE.pdf, page is rotated 90 degrees> </
home/afroditi/Dropbox/PhD/myCode/30th_Refactorization/e4nu/eGENIEPaperCode/myPl
ots/Ratio_C12_1161_ElectronCosTheta_G18_10b_02_11a_QE.pdf, page is rotated 90 d
egrees> </home/afroditi/Dropbox/PhD/myCode/30th_Refactorization/e4nu/eGENIEPape
rCode/myPlots/DoubleRatio_C12_1161_ElectronCosTheta_QE.pdf, page is rotated 90 
degrees>]
</home/afroditi/Dropbox/PhD/myCode/30th_Refactorization/e4nu/eGENIEPaperCode/my
Plots/C12_1161_ElectronMomentum_GTEST19_10a_00_000_QE.pdf, id=430, 569.12625pt 
x 411.5375pt>
File: /home/afroditi/Dropbox/PhD/myCode/30th_Refactorization/e4nu/eGENIEPaperCo
de/myPlots/C12_1161_ElectronMomentum_GTEST19_10a_00_000_QE.pdf Graphic file (ty
pe pdf)
<use /home/afroditi/Dropbox/PhD/myCode/30th_Refactorization/e4nu/eGENIEPaperCod
e/myPlots/C12_1161_ElectronMomentum_GTEST19_10a_00_000_QE.pdf>
Package pdftex.def Info: /home/afroditi/Dropbox/PhD/myCode/30th_Refactorization
/e4nu/eGENIEPaperCode/myPlots/C12_1161_ElectronMomentum_GTEST19_10a_00_000_QE.p
df  used on input line 148.
(pdftex.def)             Requested size: 228.64882pt x 165.34052pt.
</home/afroditi/Dropbox/PhD/myCode/30th_Refactorization/e4nu/eGENIEPaperCode/my
Plots/C12_1161_ElectronMomentum_GTEST19_10b_00_000_QE.pdf, id=431, 569.12625pt 
x 411.5375pt>
File: /home/afroditi/Dropbox/PhD/myCode/30th_Refactorization/e4nu/eGENIEPaperCo
de/myPlots/C12_1161_ElectronMomentum_GTEST19_10b_00_000_QE.pdf Graphic file (ty
pe pdf)
<use /home/afroditi/Dropbox/PhD/myCode/30th_Refactorization/e4nu/eGENIEPaperCod
e/myPlots/C12_1161_ElectronMomentum_GTEST19_10b_00_000_QE.pdf>
Package pdftex.def Info: /home/afroditi/Dropbox/PhD/myCode/30th_Refactorization
/e4nu/eGENIEPaperCode/myPlots/C12_1161_ElectronMomentum_GTEST19_10b_00_000_QE.p
df  used on input line 148.
(pdftex.def)             Requested size: 228.64882pt x 165.34052pt.
</home/afroditi/Dropbox/PhD/myCode/30th_Refactorization/e4nu/eGENIEPaperCode/my
Plots/C12_1161_ElectronMomentum_G18_10a_02_11a_QE.pdf, id=432, 569.12625pt x 41
1.5375pt>
File: /home/afroditi/Dropbox/PhD/myCode/30th_Refactorization/e4nu/eGENIEPaperCo
de/myPlots/C12_1161_ElectronMomentum_G18_10a_02_11a_QE.pdf Graphic file (type p
df)
<use /home/afroditi/Dropbox/PhD/myCode/30th_Refactorization/e4nu/eGENIEPaperCod
e/myPlots/C12_1161_ElectronMomentum_G18_10a_02_11a_QE.pdf>
Package pdftex.def Info: /home/afroditi/Dropbox/PhD/myCode/30th_Refactorization
/e4nu/eGENIEPaperCode/myPlots/C12_1161_ElectronMomentum_G18_10a_02_11a_QE.pdf  
used on input line 148.
(pdftex.def)             Requested size: 228.64882pt x 165.34052pt.
</home/afroditi/Dropbox/PhD/myCode/30th_Refactorization/e4nu/eGENIEPaperCode/my
Plots/C12_1161_ElectronMomentum_G18_10b_02_11a_QE.pdf, id=433, 569.12625pt x 41
1.5375pt>
File: /home/afroditi/Dropbox/PhD/myCode/30th_Refactorization/e4nu/eGENIEPaperCo
de/myPlots/C12_1161_ElectronMomentum_G18_10b_02_11a_QE.pdf Graphic file (type p
df)
<use /home/afroditi/Dropbox/PhD/myCode/30th_Refactorization/e4nu/eGENIEPaperCod
e/myPlots/C12_1161_ElectronMomentum_G18_10b_02_11a_QE.pdf>
Package pdftex.def Info: /home/afroditi/Dropbox/PhD/myCode/30th_Refactorization
/e4nu/eGENIEPaperCode/myPlots/C12_1161_ElectronMomentum_G18_10b_02_11a_QE.pdf  
used on input line 148.
(pdftex.def)             Requested size: 228.64882pt x 165.34052pt.
</home/afroditi/Dropbox/PhD/myCode/30th_Refactorization/e4nu/eGENIEPaperCode/my
Plots/Ratio_C12_1161_ElectronMomentum_GTEST19_10a_00_000_QE.pdf, id=434, 569.12
625pt x 411.5375pt>
File: /home/afroditi/Dropbox/PhD/myCode/30th_Refactorization/e4nu/eGENIEPaperCo
de/myPlots/Ratio_C12_1161_ElectronMomentum_GTEST19_10a_00_000_QE.pdf Graphic fi
le (type pdf)
<use /home/afroditi/Dropbox/PhD/myCode/30th_Refactorization/e4nu/eGENIEPaperCod
e/myPlots/Ratio_C12_1161_ElectronMomentum_GTEST19_10a_00_000_QE.pdf>
Package pdftex.def Info: /home/afroditi/Dropbox/PhD/myCode/30th_Refactorization
/e4nu/eGENIEPaperCode/myPlots/Ratio_C12_1161_ElectronMomentum_GTEST19_10a_00_00
0_QE.pdf  used on input line 148.
(pdftex.def)             Requested size: 228.64882pt x 165.34052pt.
</home/afroditi/Dropbox/PhD/myCode/30th_Refactorization/e4nu/eGENIEPaperCode/my
Plots/Ratio_C12_1161_ElectronMomentum_GTEST19_10b_00_000_QE.pdf, id=435, 569.12
625pt x 411.5375pt>
File: /home/afroditi/Dropbox/PhD/myCode/30th_Refactorization/e4nu/eGENIEPaperCo
de/myPlots/Ratio_C12_1161_ElectronMomentum_GTEST19_10b_00_000_QE.pdf Graphic fi
le (type pdf)
<use /home/afroditi/Dropbox/PhD/myCode/30th_Refactorization/e4nu/eGENIEPaperCod
e/myPlots/Ratio_C12_1161_ElectronMomentum_GTEST19_10b_00_000_QE.pdf>
Package pdftex.def Info: /home/afroditi/Dropbox/PhD/myCode/30th_Refactorization
/e4nu/eGENIEPaperCode/myPlots/Ratio_C12_1161_ElectronMomentum_GTEST19_10b_00_00
0_QE.pdf  used on input line 148.
(pdftex.def)             Requested size: 228.64882pt x 165.34052pt.
</home/afroditi/Dropbox/PhD/myCode/30th_Refactorization/e4nu/eGENIEPaperCode/my
Plots/Ratio_C12_1161_ElectronMomentum_G18_10a_02_11a_QE.pdf, id=436, 569.12625p
t x 411.5375pt>
File: /home/afroditi/Dropbox/PhD/myCode/30th_Refactorization/e4nu/eGENIEPaperCo
de/myPlots/Ratio_C12_1161_ElectronMomentum_G18_10a_02_11a_QE.pdf Graphic file (
type pdf)
<use /home/afroditi/Dropbox/PhD/myCode/30th_Refactorization/e4nu/eGENIEPaperCod
e/myPlots/Ratio_C12_1161_ElectronMomentum_G18_10a_02_11a_QE.pdf>
Package pdftex.def Info: /home/afroditi/Dropbox/PhD/myCode/30th_Refactorization
/e4nu/eGENIEPaperCode/myPlots/Ratio_C12_1161_ElectronMomentum_G18_10a_02_11a_QE
.pdf  used on input line 148.
(pdftex.def)             Requested size: 228.64882pt x 165.34052pt.
</home/afroditi/Dropbox/PhD/myCode/30th_Refactorization/e4nu/eGENIEPaperCode/my
Plots/Ratio_C12_1161_ElectronMomentum_G18_10b_02_11a_QE.pdf, id=437, 569.12625p
t x 411.5375pt>
File: /home/afroditi/Dropbox/PhD/myCode/30th_Refactorization/e4nu/eGENIEPaperCo
de/myPlots/Ratio_C12_1161_ElectronMomentum_G18_10b_02_11a_QE.pdf Graphic file (
type pdf)
<use /home/afroditi/Dropbox/PhD/myCode/30th_Refactorization/e4nu/eGENIEPaperCod
e/myPlots/Ratio_C12_1161_ElectronMomentum_G18_10b_02_11a_QE.pdf>
Package pdftex.def Info: /home/afroditi/Dropbox/PhD/myCode/30th_Refactorization
/e4nu/eGENIEPaperCode/myPlots/Ratio_C12_1161_ElectronMomentum_G18_10b_02_11a_QE
.pdf  used on input line 148.
(pdftex.def)             Requested size: 228.64882pt x 165.34052pt.
</home/afroditi/Dropbox/PhD/myCode/30th_Refactorization/e4nu/eGENIEPaperCode/my
Plots/DoubleRatio_C12_1161_ElectronMomentum_QE.pdf, id=438, 569.12625pt x 411.5
375pt>
File: /home/afroditi/Dropbox/PhD/myCode/30th_Refactorization/e4nu/eGENIEPaperCo
de/myPlots/DoubleRatio_C12_1161_ElectronMomentum_QE.pdf Graphic file (type pdf)

<use /home/afroditi/Dropbox/PhD/myCode/30th_Refactorization/e4nu/eGENIEPaperCod
e/myPlots/DoubleRatio_C12_1161_ElectronMomentum_QE.pdf>
Package pdftex.def Info: /home/afroditi/Dropbox/PhD/myCode/30th_Refactorization
/e4nu/eGENIEPaperCode/myPlots/DoubleRatio_C12_1161_ElectronMomentum_QE.pdf  use
d on input line 148.
(pdftex.def)             Requested size: 228.64882pt x 165.34052pt.
pdfTeX warning (ext4): destination with the same identifier (name{page.}) has b
een already used, duplicate ignored
<to be read again> 
                   \relax 
l.148 \PrintPlots{ElectronMomentum}
                                    [4

 </home/afroditi/Dropbox/PhD/myCode/30th_Refactorization/e4nu/eGENIEPaperCode/m
yPlots/C12_1161_ElectronMomentum_GTEST19_10a_00_000_QE.pdf, page is rotated 90 
degrees> </home/afroditi/Dropbox/PhD/myCode/30th_Refactorization/e4nu/eGENIEPap
erCode/myPlots/C12_1161_ElectronMomentum_GTEST19_10b_00_000_QE.pdf, page is rot
ated 90 degrees> </home/afroditi/Dropbox/PhD/myCode/30th_Refactorization/e4nu/e
GENIEPaperCode/myPlots/C12_1161_ElectronMomentum_G18_10a_02_11a_QE.pdf, page is
 rotated 90 degrees> </home/afroditi/Dropbox/PhD/myCode/30th_Refactorization/e4
nu/eGENIEPaperCode/myPlots/C12_1161_ElectronMomentum_G18_10b_02_11a_QE.pdf, pag
e is rotated 90 degrees>]pdfTeX warning (ext4): destination with the same ident
ifier (name{page.}) has been already used, duplicate ignored
<to be read again> 
                   \relax 
l.148 \PrintPlots{ElectronMomentum}
                                    [5 </home/afroditi/Dropbox/PhD/myCode/30th_
Refactorization/e4nu/eGENIEPaperCode/myPlots/Ratio_C12_1161_ElectronMomentum_GT
EST19_10a_00_000_QE.pdf, page is rotated 90 degrees> </home/afroditi/Dropbox/Ph
D/myCode/30th_Refactorization/e4nu/eGENIEPaperCode/myPlots/Ratio_C12_1161_Elect
ronMomentum_GTEST19_10b_00_000_QE.pdf, page is rotated 90 degrees> </home/afrod
iti/Dropbox/PhD/myCode/30th_Refactorization/e4nu/eGENIEPaperCode/myPlots/Ratio_
C12_1161_ElectronMomentum_G18_10a_02_11a_QE.pdf, page is rotated 90 degrees> </
home/afroditi/Dropbox/PhD/myCode/30th_Refactorization/e4nu/eGENIEPaperCode/myPl
ots/Ratio_C12_1161_ElectronMomentum_G18_10b_02_11a_QE.pdf, page is rotated 90 d
egrees> </home/afroditi/Dropbox/PhD/myCode/30th_Refactorization/e4nu/eGENIEPape
rCode/myPlots/DoubleRatio_C12_1161_ElectronMomentum_QE.pdf, page is rotated 90 
degrees>]

Package hyperref Warning: Token not allowed in a PDF string (Unicode):
(hyperref)                removing `math shift' on input line 152.


Package hyperref Warning: Token not allowed in a PDF string (Unicode):
(hyperref)                removing `math shift' on input line 152.

</home/afroditi/Dropbox/PhD/myCode/30th_Refactorization/e4nu/eGENIEPaperCode/my
Plots/C12_1161_ProtonCosTheta_GTEST19_10a_00_000_QE.pdf, id=838, 569.12625pt x 
411.5375pt>
File: /home/afroditi/Dropbox/PhD/myCode/30th_Refactorization/e4nu/eGENIEPaperCo
de/myPlots/C12_1161_ProtonCosTheta_GTEST19_10a_00_000_QE.pdf Graphic file (type
 pdf)
<use /home/afroditi/Dropbox/PhD/myCode/30th_Refactorization/e4nu/eGENIEPaperCod
e/myPlots/C12_1161_ProtonCosTheta_GTEST19_10a_00_000_QE.pdf>
Package pdftex.def Info: /home/afroditi/Dropbox/PhD/myCode/30th_Refactorization
/e4nu/eGENIEPaperCode/myPlots/C12_1161_ProtonCosTheta_GTEST19_10a_00_000_QE.pdf
  used on input line 154.
(pdftex.def)             Requested size: 228.64882pt x 165.34052pt.
</home/afroditi/Dropbox/PhD/myCode/30th_Refactorization/e4nu/eGENIEPaperCode/my
Plots/C12_1161_ProtonCosTheta_GTEST19_10b_00_000_QE.pdf, id=839, 569.12625pt x 
411.5375pt>
File: /home/afroditi/Dropbox/PhD/myCode/30th_Refactorization/e4nu/eGENIEPaperCo
de/myPlots/C12_1161_ProtonCosTheta_GTEST19_10b_00_000_QE.pdf Graphic file (type
 pdf)
<use /home/afroditi/Dropbox/PhD/myCode/30th_Refactorization/e4nu/eGENIEPaperCod
e/myPlots/C12_1161_ProtonCosTheta_GTEST19_10b_00_000_QE.pdf>
Package pdftex.def Info: /home/afroditi/Dropbox/PhD/myCode/30th_Refactorization
/e4nu/eGENIEPaperCode/myPlots/C12_1161_ProtonCosTheta_GTEST19_10b_00_000_QE.pdf
  used on input line 154.
(pdftex.def)             Requested size: 228.64882pt x 165.34052pt.
</home/afroditi/Dropbox/PhD/myCode/30th_Refactorization/e4nu/eGENIEPaperCode/my
Plots/C12_1161_ProtonCosTheta_G18_10a_02_11a_QE.pdf, id=840, 569.12625pt x 411.
5375pt>
File: /home/afroditi/Dropbox/PhD/myCode/30th_Refactorization/e4nu/eGENIEPaperCo
de/myPlots/C12_1161_ProtonCosTheta_G18_10a_02_11a_QE.pdf Graphic file (type pdf
)
<use /home/afroditi/Dropbox/PhD/myCode/30th_Refactorization/e4nu/eGENIEPaperCod
e/myPlots/C12_1161_ProtonCosTheta_G18_10a_02_11a_QE.pdf>
Package pdftex.def Info: /home/afroditi/Dropbox/PhD/myCode/30th_Refactorization
/e4nu/eGENIEPaperCode/myPlots/C12_1161_ProtonCosTheta_G18_10a_02_11a_QE.pdf  us
ed on input line 154.
(pdftex.def)             Requested size: 228.64882pt x 165.34052pt.
</home/afroditi/Dropbox/PhD/myCode/30th_Refactorization/e4nu/eGENIEPaperCode/my
Plots/C12_1161_ProtonCosTheta_G18_10b_02_11a_QE.pdf, id=841, 569.12625pt x 411.
5375pt>
File: /home/afroditi/Dropbox/PhD/myCode/30th_Refactorization/e4nu/eGENIEPaperCo
de/myPlots/C12_1161_ProtonCosTheta_G18_10b_02_11a_QE.pdf Graphic file (type pdf
)
<use /home/afroditi/Dropbox/PhD/myCode/30th_Refactorization/e4nu/eGENIEPaperCod
e/myPlots/C12_1161_ProtonCosTheta_G18_10b_02_11a_QE.pdf>
Package pdftex.def Info: /home/afroditi/Dropbox/PhD/myCode/30th_Refactorization
/e4nu/eGENIEPaperCode/myPlots/C12_1161_ProtonCosTheta_G18_10b_02_11a_QE.pdf  us
ed on input line 154.
(pdftex.def)             Requested size: 228.64882pt x 165.34052pt.
</home/afroditi/Dropbox/PhD/myCode/30th_Refactorization/e4nu/eGENIEPaperCode/my
Plots/Ratio_C12_1161_ProtonCosTheta_GTEST19_10a_00_000_QE.pdf, id=842, 569.1262
5pt x 411.5375pt>
File: /home/afroditi/Dropbox/PhD/myCode/30th_Refactorization/e4nu/eGENIEPaperCo
de/myPlots/Ratio_C12_1161_ProtonCosTheta_GTEST19_10a_00_000_QE.pdf Graphic file
 (type pdf)
<use /home/afroditi/Dropbox/PhD/myCode/30th_Refactorization/e4nu/eGENIEPaperCod
e/myPlots/Ratio_C12_1161_ProtonCosTheta_GTEST19_10a_00_000_QE.pdf>
Package pdftex.def Info: /home/afroditi/Dropbox/PhD/myCode/30th_Refactorization
/e4nu/eGENIEPaperCode/myPlots/Ratio_C12_1161_ProtonCosTheta_GTEST19_10a_00_000_
QE.pdf  used on input line 154.
(pdftex.def)             Requested size: 228.64882pt x 165.34052pt.
</home/afroditi/Dropbox/PhD/myCode/30th_Refactorization/e4nu/eGENIEPaperCode/my
Plots/Ratio_C12_1161_ProtonCosTheta_GTEST19_10b_00_000_QE.pdf, id=843, 569.1262
5pt x 411.5375pt>
File: /home/afroditi/Dropbox/PhD/myCode/30th_Refactorization/e4nu/eGENIEPaperCo
de/myPlots/Ratio_C12_1161_ProtonCosTheta_GTEST19_10b_00_000_QE.pdf Graphic file
 (type pdf)
<use /home/afroditi/Dropbox/PhD/myCode/30th_Refactorization/e4nu/eGENIEPaperCod
e/myPlots/Ratio_C12_1161_ProtonCosTheta_GTEST19_10b_00_000_QE.pdf>
Package pdftex.def Info: /home/afroditi/Dropbox/PhD/myCode/30th_Refactorization
/e4nu/eGENIEPaperCode/myPlots/Ratio_C12_1161_ProtonCosTheta_GTEST19_10b_00_000_
QE.pdf  used on input line 154.
(pdftex.def)             Requested size: 228.64882pt x 165.34052pt.
</home/afroditi/Dropbox/PhD/myCode/30th_Refactorization/e4nu/eGENIEPaperCode/my
Plots/Ratio_C12_1161_ProtonCosTheta_G18_10a_02_11a_QE.pdf, id=844, 569.12625pt 
x 411.5375pt>
File: /home/afroditi/Dropbox/PhD/myCode/30th_Refactorization/e4nu/eGENIEPaperCo
de/myPlots/Ratio_C12_1161_ProtonCosTheta_G18_10a_02_11a_QE.pdf Graphic file (ty
pe pdf)
<use /home/afroditi/Dropbox/PhD/myCode/30th_Refactorization/e4nu/eGENIEPaperCod
e/myPlots/Ratio_C12_1161_ProtonCosTheta_G18_10a_02_11a_QE.pdf>
Package pdftex.def Info: /home/afroditi/Dropbox/PhD/myCode/30th_Refactorization
/e4nu/eGENIEPaperCode/myPlots/Ratio_C12_1161_ProtonCosTheta_G18_10a_02_11a_QE.p
df  used on input line 154.
(pdftex.def)             Requested size: 228.64882pt x 165.34052pt.
</home/afroditi/Dropbox/PhD/myCode/30th_Refactorization/e4nu/eGENIEPaperCode/my
Plots/Ratio_C12_1161_ProtonCosTheta_G18_10b_02_11a_QE.pdf, id=845, 569.12625pt 
x 411.5375pt>
File: /home/afroditi/Dropbox/PhD/myCode/30th_Refactorization/e4nu/eGENIEPaperCo
de/myPlots/Ratio_C12_1161_ProtonCosTheta_G18_10b_02_11a_QE.pdf Graphic file (ty
pe pdf)
<use /home/afroditi/Dropbox/PhD/myCode/30th_Refactorization/e4nu/eGENIEPaperCod
e/myPlots/Ratio_C12_1161_ProtonCosTheta_G18_10b_02_11a_QE.pdf>
Package pdftex.def Info: /home/afroditi/Dropbox/PhD/myCode/30th_Refactorization
/e4nu/eGENIEPaperCode/myPlots/Ratio_C12_1161_ProtonCosTheta_G18_10b_02_11a_QE.p
df  used on input line 154.
(pdftex.def)             Requested size: 228.64882pt x 165.34052pt.
</home/afroditi/Dropbox/PhD/myCode/30th_Refactorization/e4nu/eGENIEPaperCode/my
Plots/DoubleRatio_C12_1161_ProtonCosTheta_QE.pdf, id=846, 569.12625pt x 411.537
5pt>
File: /home/afroditi/Dropbox/PhD/myCode/30th_Refactorization/e4nu/eGENIEPaperCo
de/myPlots/DoubleRatio_C12_1161_ProtonCosTheta_QE.pdf Graphic file (type pdf)
<use /home/afroditi/Dropbox/PhD/myCode/30th_Refactorization/e4nu/eGENIEPaperCod
e/myPlots/DoubleRatio_C12_1161_ProtonCosTheta_QE.pdf>
Package pdftex.def Info: /home/afroditi/Dropbox/PhD/myCode/30th_Refactorization
/e4nu/eGENIEPaperCode/myPlots/DoubleRatio_C12_1161_ProtonCosTheta_QE.pdf  used 
on input line 154.
(pdftex.def)             Requested size: 228.64882pt x 165.34052pt.
pdfTeX warning (ext4): destination with the same identifier (name{page.}) has b
een already used, duplicate ignored
<to be read again> 
                   \relax 
l.154 \PrintPlots{ProtonCosTheta}
                                  [6

 </home/afroditi/Dropbox/PhD/myCode/30th_Refactorization/e4nu/eGENIEPaperCode/m
yPlots/C12_1161_ProtonCosTheta_GTEST19_10a_00_000_QE.pdf, page is rotated 90 de
grees> </home/afroditi/Dropbox/PhD/myCode/30th_Refactorization/e4nu/eGENIEPaper
Code/myPlots/C12_1161_ProtonCosTheta_GTEST19_10b_00_000_QE.pdf, page is rotated
 90 degrees> </home/afroditi/Dropbox/PhD/myCode/30th_Refactorization/e4nu/eGENI
EPaperCode/myPlots/C12_1161_ProtonCosTheta_G18_10a_02_11a_QE.pdf, page is rotat
ed 90 degrees> </home/afroditi/Dropbox/PhD/myCode/30th_Refactorization/e4nu/eGE
NIEPaperCode/myPlots/C12_1161_ProtonCosTheta_G18_10b_02_11a_QE.pdf, page is rot
ated 90 degrees>]pdfTeX warning (ext4): destination with the same identifier (n
ame{page.}) has been already used, duplicate ignored
<to be read again> 
                   \relax 
l.154 \PrintPlots{ProtonCosTheta}
                                  [7 </home/afroditi/Dropbox/PhD/myCode/30th_Re
factorization/e4nu/eGENIEPaperCode/myPlots/Ratio_C12_1161_ProtonCosTheta_GTEST1
9_10a_00_000_QE.pdf, page is rotated 90 degrees> </home/afroditi/Dropbox/PhD/my
Code/30th_Refactorization/e4nu/eGENIEPaperCode/myPlots/Ratio_C12_1161_ProtonCos
Theta_GTEST19_10b_00_000_QE.pdf, page is rotated 90 degrees> </home/afroditi/Dr
opbox/PhD/myCode/30th_Refactorization/e4nu/eGENIEPaperCode/myPlots/Ratio_C12_11
61_ProtonCosTheta_G18_10a_02_11a_QE.pdf, page is rotated 90 degrees> </home/afr
oditi/Dropbox/PhD/myCode/30th_Refactorization/e4nu/eGENIEPaperCode/myPlots/Rati
o_C12_1161_ProtonCosTheta_G18_10b_02_11a_QE.pdf, page is rotated 90 degrees> </
home/afroditi/Dropbox/PhD/myCode/30th_Refactorization/e4nu/eGENIEPaperCode/myPl
ots/DoubleRatio_C12_1161_ProtonCosTheta_QE.pdf, page is rotated 90 degrees>]
</home/afroditi/Dropbox/PhD/myCode/30th_Refactorization/e4nu/eGENIEPaperCode/my
Plots/C12_1161_ProtonMomentum_GTEST19_10a_00_000_QE.pdf, id=1247, 569.12625pt x
 411.5375pt>
File: /home/afroditi/Dropbox/PhD/myCode/30th_Refactorization/e4nu/eGENIEPaperCo
de/myPlots/C12_1161_ProtonMomentum_GTEST19_10a_00_000_QE.pdf Graphic file (type
 pdf)
<use /home/afroditi/Dropbox/PhD/myCode/30th_Refactorization/e4nu/eGENIEPaperCod
e/myPlots/C12_1161_ProtonMomentum_GTEST19_10a_00_000_QE.pdf>
Package pdftex.def Info: /home/afroditi/Dropbox/PhD/myCode/30th_Refactorization
/e4nu/eGENIEPaperCode/myPlots/C12_1161_ProtonMomentum_GTEST19_10a_00_000_QE.pdf
  used on input line 160.
(pdftex.def)             Requested size: 228.64882pt x 165.34052pt.
</home/afroditi/Dropbox/PhD/myCode/30th_Refactorization/e4nu/eGENIEPaperCode/my
Plots/C12_1161_ProtonMomentum_GTEST19_10b_00_000_QE.pdf, id=1248, 569.12625pt x
 411.5375pt>
File: /home/afroditi/Dropbox/PhD/myCode/30th_Refactorization/e4nu/eGENIEPaperCo
de/myPlots/C12_1161_ProtonMomentum_GTEST19_10b_00_000_QE.pdf Graphic file (type
 pdf)
<use /home/afroditi/Dropbox/PhD/myCode/30th_Refactorization/e4nu/eGENIEPaperCod
e/myPlots/C12_1161_ProtonMomentum_GTEST19_10b_00_000_QE.pdf>
Package pdftex.def Info: /home/afroditi/Dropbox/PhD/myCode/30th_Refactorization
/e4nu/eGENIEPaperCode/myPlots/C12_1161_ProtonMomentum_GTEST19_10b_00_000_QE.pdf
  used on input line 160.
(pdftex.def)             Requested size: 228.64882pt x 165.34052pt.
</home/afroditi/Dropbox/PhD/myCode/30th_Refactorization/e4nu/eGENIEPaperCode/my
Plots/C12_1161_ProtonMomentum_G18_10a_02_11a_QE.pdf, id=1249, 569.12625pt x 411
.5375pt>
File: /home/afroditi/Dropbox/PhD/myCode/30th_Refactorization/e4nu/eGENIEPaperCo
de/myPlots/C12_1161_ProtonMomentum_G18_10a_02_11a_QE.pdf Graphic file (type pdf
)
<use /home/afroditi/Dropbox/PhD/myCode/30th_Refactorization/e4nu/eGENIEPaperCod
e/myPlots/C12_1161_ProtonMomentum_G18_10a_02_11a_QE.pdf>
Package pdftex.def Info: /home/afroditi/Dropbox/PhD/myCode/30th_Refactorization
/e4nu/eGENIEPaperCode/myPlots/C12_1161_ProtonMomentum_G18_10a_02_11a_QE.pdf  us
ed on input line 160.
(pdftex.def)             Requested size: 228.64882pt x 165.34052pt.
</home/afroditi/Dropbox/PhD/myCode/30th_Refactorization/e4nu/eGENIEPaperCode/my
Plots/C12_1161_ProtonMomentum_G18_10b_02_11a_QE.pdf, id=1250, 569.12625pt x 411
.5375pt>
File: /home/afroditi/Dropbox/PhD/myCode/30th_Refactorization/e4nu/eGENIEPaperCo
de/myPlots/C12_1161_ProtonMomentum_G18_10b_02_11a_QE.pdf Graphic file (type pdf
)
<use /home/afroditi/Dropbox/PhD/myCode/30th_Refactorization/e4nu/eGENIEPaperCod
e/myPlots/C12_1161_ProtonMomentum_G18_10b_02_11a_QE.pdf>
Package pdftex.def Info: /home/afroditi/Dropbox/PhD/myCode/30th_Refactorization
/e4nu/eGENIEPaperCode/myPlots/C12_1161_ProtonMomentum_G18_10b_02_11a_QE.pdf  us
ed on input line 160.
(pdftex.def)             Requested size: 228.64882pt x 165.34052pt.
</home/afroditi/Dropbox/PhD/myCode/30th_Refactorization/e4nu/eGENIEPaperCode/my
Plots/Ratio_C12_1161_ProtonMomentum_GTEST19_10a_00_000_QE.pdf, id=1251, 569.126
25pt x 411.5375pt>
File: /home/afroditi/Dropbox/PhD/myCode/30th_Refactorization/e4nu/eGENIEPaperCo
de/myPlots/Ratio_C12_1161_ProtonMomentum_GTEST19_10a_00_000_QE.pdf Graphic file
 (type pdf)
<use /home/afroditi/Dropbox/PhD/myCode/30th_Refactorization/e4nu/eGENIEPaperCod
e/myPlots/Ratio_C12_1161_ProtonMomentum_GTEST19_10a_00_000_QE.pdf>
Package pdftex.def Info: /home/afroditi/Dropbox/PhD/myCode/30th_Refactorization
/e4nu/eGENIEPaperCode/myPlots/Ratio_C12_1161_ProtonMomentum_GTEST19_10a_00_000_
QE.pdf  used on input line 160.
(pdftex.def)             Requested size: 228.64882pt x 165.34052pt.
</home/afroditi/Dropbox/PhD/myCode/30th_Refactorization/e4nu/eGENIEPaperCode/my
Plots/Ratio_C12_1161_ProtonMomentum_GTEST19_10b_00_000_QE.pdf, id=1252, 569.126
25pt x 411.5375pt>
File: /home/afroditi/Dropbox/PhD/myCode/30th_Refactorization/e4nu/eGENIEPaperCo
de/myPlots/Ratio_C12_1161_ProtonMomentum_GTEST19_10b_00_000_QE.pdf Graphic file
 (type pdf)
<use /home/afroditi/Dropbox/PhD/myCode/30th_Refactorization/e4nu/eGENIEPaperCod
e/myPlots/Ratio_C12_1161_ProtonMomentum_GTEST19_10b_00_000_QE.pdf>
Package pdftex.def Info: /home/afroditi/Dropbox/PhD/myCode/30th_Refactorization
/e4nu/eGENIEPaperCode/myPlots/Ratio_C12_1161_ProtonMomentum_GTEST19_10b_00_000_
QE.pdf  used on input line 160.
(pdftex.def)             Requested size: 228.64882pt x 165.34052pt.
</home/afroditi/Dropbox/PhD/myCode/30th_Refactorization/e4nu/eGENIEPaperCode/my
Plots/Ratio_C12_1161_ProtonMomentum_G18_10a_02_11a_QE.pdf, id=1253, 569.12625pt
 x 411.5375pt>
File: /home/afroditi/Dropbox/PhD/myCode/30th_Refactorization/e4nu/eGENIEPaperCo
de/myPlots/Ratio_C12_1161_ProtonMomentum_G18_10a_02_11a_QE.pdf Graphic file (ty
pe pdf)
<use /home/afroditi/Dropbox/PhD/myCode/30th_Refactorization/e4nu/eGENIEPaperCod
e/myPlots/Ratio_C12_1161_ProtonMomentum_G18_10a_02_11a_QE.pdf>
Package pdftex.def Info: /home/afroditi/Dropbox/PhD/myCode/30th_Refactorization
/e4nu/eGENIEPaperCode/myPlots/Ratio_C12_1161_ProtonMomentum_G18_10a_02_11a_QE.p
df  used on input line 160.
(pdftex.def)             Requested size: 228.64882pt x 165.34052pt.
</home/afroditi/Dropbox/PhD/myCode/30th_Refactorization/e4nu/eGENIEPaperCode/my
Plots/Ratio_C12_1161_ProtonMomentum_G18_10b_02_11a_QE.pdf, id=1254, 569.12625pt
 x 411.5375pt>
File: /home/afroditi/Dropbox/PhD/myCode/30th_Refactorization/e4nu/eGENIEPaperCo
de/myPlots/Ratio_C12_1161_ProtonMomentum_G18_10b_02_11a_QE.pdf Graphic file (ty
pe pdf)
<use /home/afroditi/Dropbox/PhD/myCode/30th_Refactorization/e4nu/eGENIEPaperCod
e/myPlots/Ratio_C12_1161_ProtonMomentum_G18_10b_02_11a_QE.pdf>
Package pdftex.def Info: /home/afroditi/Dropbox/PhD/myCode/30th_Refactorization
/e4nu/eGENIEPaperCode/myPlots/Ratio_C12_1161_ProtonMomentum_G18_10b_02_11a_QE.p
df  used on input line 160.
(pdftex.def)             Requested size: 228.64882pt x 165.34052pt.
</home/afroditi/Dropbox/PhD/myCode/30th_Refactorization/e4nu/eGENIEPaperCode/my
Plots/DoubleRatio_C12_1161_ProtonMomentum_QE.pdf, id=1255, 569.12625pt x 411.53
75pt>
File: /home/afroditi/Dropbox/PhD/myCode/30th_Refactorization/e4nu/eGENIEPaperCo
de/myPlots/DoubleRatio_C12_1161_ProtonMomentum_QE.pdf Graphic file (type pdf)
<use /home/afroditi/Dropbox/PhD/myCode/30th_Refactorization/e4nu/eGENIEPaperCod
e/myPlots/DoubleRatio_C12_1161_ProtonMomentum_QE.pdf>
Package pdftex.def Info: /home/afroditi/Dropbox/PhD/myCode/30th_Refactorization
/e4nu/eGENIEPaperCode/myPlots/DoubleRatio_C12_1161_ProtonMomentum_QE.pdf  used 
on input line 160.
(pdftex.def)             Requested size: 228.64882pt x 165.34052pt.
pdfTeX warning (ext4): destination with the same identifier (name{page.}) has b
een already used, duplicate ignored
<to be read again> 
                   \relax 
l.160 \PrintPlots{ProtonMomentum}
                                  [8

 </home/afroditi/Dropbox/PhD/myCode/30th_Refactorization/e4nu/eGENIEPaperCode/m
yPlots/C12_1161_ProtonMomentum_GTEST19_10a_00_000_QE.pdf, page is rotated 90 de
grees> </home/afroditi/Dropbox/PhD/myCode/30th_Refactorization/e4nu/eGENIEPaper
Code/myPlots/C12_1161_ProtonMomentum_GTEST19_10b_00_000_QE.pdf, page is rotated
 90 degrees> </home/afroditi/Dropbox/PhD/myCode/30th_Refactorization/e4nu/eGENI
EPaperCode/myPlots/C12_1161_ProtonMomentum_G18_10a_02_11a_QE.pdf, page is rotat
ed 90 degrees> </home/afroditi/Dropbox/PhD/myCode/30th_Refactorization/e4nu/eGE
NIEPaperCode/myPlots/C12_1161_ProtonMomentum_G18_10b_02_11a_QE.pdf, page is rot
ated 90 degrees>]pdfTeX warning (ext4): destination with the same identifier (n
ame{page.}) has been already used, duplicate ignored
<to be read again> 
                   \relax 
l.160 \PrintPlots{ProtonMomentum}
                                  [9 </home/afroditi/Dropbox/PhD/myCode/30th_Re
factorization/e4nu/eGENIEPaperCode/myPlots/Ratio_C12_1161_ProtonMomentum_GTEST1
9_10a_00_000_QE.pdf, page is rotated 90 degrees> </home/afroditi/Dropbox/PhD/my
Code/30th_Refactorization/e4nu/eGENIEPaperCode/myPlots/Ratio_C12_1161_ProtonMom
entum_GTEST19_10b_00_000_QE.pdf, page is rotated 90 degrees> </home/afroditi/Dr
opbox/PhD/myCode/30th_Refactorization/e4nu/eGENIEPaperCode/myPlots/Ratio_C12_11
61_ProtonMomentum_G18_10a_02_11a_QE.pdf, page is rotated 90 degrees> </home/afr
oditi/Dropbox/PhD/myCode/30th_Refactorization/e4nu/eGENIEPaperCode/myPlots/Rati
o_C12_1161_ProtonMomentum_G18_10b_02_11a_QE.pdf, page is rotated 90 degrees> </
home/afroditi/Dropbox/PhD/myCode/30th_Refactorization/e4nu/eGENIEPaperCode/myPl
ots/DoubleRatio_C12_1161_ProtonMomentum_QE.pdf, page is rotated 90 degrees>]
</home/afroditi/Dropbox/PhD/myCode/30th_Refactorization/e4nu/eGENIEPaperCode/my
Plots/C12_1161_MissMomentum_GTEST19_10a_00_000_QE.pdf, id=1654, 569.12625pt x 4
11.5375pt>
File: /home/afroditi/Dropbox/PhD/myCode/30th_Refactorization/e4nu/eGENIEPaperCo
de/myPlots/C12_1161_MissMomentum_GTEST19_10a_00_000_QE.pdf Graphic file (type p
df)
<use /home/afroditi/Dropbox/PhD/myCode/30th_Refactorization/e4nu/eGENIEPaperCod
e/myPlots/C12_1161_MissMomentum_GTEST19_10a_00_000_QE.pdf>
Package pdftex.def Info: /home/afroditi/Dropbox/PhD/myCode/30th_Refactorization
/e4nu/eGENIEPaperCode/myPlots/C12_1161_MissMomentum_GTEST19_10a_00_000_QE.pdf  
used on input line 166.
(pdftex.def)             Requested size: 228.64882pt x 165.34052pt.
</home/afroditi/Dropbox/PhD/myCode/30th_Refactorization/e4nu/eGENIEPaperCode/my
Plots/C12_1161_MissMomentum_GTEST19_10b_00_000_QE.pdf, id=1655, 569.12625pt x 4
11.5375pt>
File: /home/afroditi/Dropbox/PhD/myCode/30th_Refactorization/e4nu/eGENIEPaperCo
de/myPlots/C12_1161_MissMomentum_GTEST19_10b_00_000_QE.pdf Graphic file (type p
df)
<use /home/afroditi/Dropbox/PhD/myCode/30th_Refactorization/e4nu/eGENIEPaperCod
e/myPlots/C12_1161_MissMomentum_GTEST19_10b_00_000_QE.pdf>
Package pdftex.def Info: /home/afroditi/Dropbox/PhD/myCode/30th_Refactorization
/e4nu/eGENIEPaperCode/myPlots/C12_1161_MissMomentum_GTEST19_10b_00_000_QE.pdf  
used on input line 166.
(pdftex.def)             Requested size: 228.64882pt x 165.34052pt.
</home/afroditi/Dropbox/PhD/myCode/30th_Refactorization/e4nu/eGENIEPaperCode/my
Plots/C12_1161_MissMomentum_G18_10a_02_11a_QE.pdf, id=1656, 569.12625pt x 411.5
375pt>
File: /home/afroditi/Dropbox/PhD/myCode/30th_Refactorization/e4nu/eGENIEPaperCo
de/myPlots/C12_1161_MissMomentum_G18_10a_02_11a_QE.pdf Graphic file (type pdf)
<use /home/afroditi/Dropbox/PhD/myCode/30th_Refactorization/e4nu/eGENIEPaperCod
e/myPlots/C12_1161_MissMomentum_G18_10a_02_11a_QE.pdf>
Package pdftex.def Info: /home/afroditi/Dropbox/PhD/myCode/30th_Refactorization
/e4nu/eGENIEPaperCode/myPlots/C12_1161_MissMomentum_G18_10a_02_11a_QE.pdf  used
 on input line 166.
(pdftex.def)             Requested size: 228.64882pt x 165.34052pt.
</home/afroditi/Dropbox/PhD/myCode/30th_Refactorization/e4nu/eGENIEPaperCode/my
Plots/C12_1161_MissMomentum_G18_10b_02_11a_QE.pdf, id=1657, 569.12625pt x 411.5
375pt>
File: /home/afroditi/Dropbox/PhD/myCode/30th_Refactorization/e4nu/eGENIEPaperCo
de/myPlots/C12_1161_MissMomentum_G18_10b_02_11a_QE.pdf Graphic file (type pdf)
<use /home/afroditi/Dropbox/PhD/myCode/30th_Refactorization/e4nu/eGENIEPaperCod
e/myPlots/C12_1161_MissMomentum_G18_10b_02_11a_QE.pdf>
Package pdftex.def Info: /home/afroditi/Dropbox/PhD/myCode/30th_Refactorization
/e4nu/eGENIEPaperCode/myPlots/C12_1161_MissMomentum_G18_10b_02_11a_QE.pdf  used
 on input line 166.
(pdftex.def)             Requested size: 228.64882pt x 165.34052pt.
</home/afroditi/Dropbox/PhD/myCode/30th_Refactorization/e4nu/eGENIEPaperCode/my
Plots/Ratio_C12_1161_MissMomentum_GTEST19_10a_00_000_QE.pdf, id=1658, 569.12625
pt x 411.5375pt>
File: /home/afroditi/Dropbox/PhD/myCode/30th_Refactorization/e4nu/eGENIEPaperCo
de/myPlots/Ratio_C12_1161_MissMomentum_GTEST19_10a_00_000_QE.pdf Graphic file (
type pdf)
<use /home/afroditi/Dropbox/PhD/myCode/30th_Refactorization/e4nu/eGENIEPaperCod
e/myPlots/Ratio_C12_1161_MissMomentum_GTEST19_10a_00_000_QE.pdf>
Package pdftex.def Info: /home/afroditi/Dropbox/PhD/myCode/30th_Refactorization
/e4nu/eGENIEPaperCode/myPlots/Ratio_C12_1161_MissMomentum_GTEST19_10a_00_000_QE
.pdf  used on input line 166.
(pdftex.def)             Requested size: 228.64882pt x 165.34052pt.
</home/afroditi/Dropbox/PhD/myCode/30th_Refactorization/e4nu/eGENIEPaperCode/my
Plots/Ratio_C12_1161_MissMomentum_GTEST19_10b_00_000_QE.pdf, id=1659, 569.12625
pt x 411.5375pt>
File: /home/afroditi/Dropbox/PhD/myCode/30th_Refactorization/e4nu/eGENIEPaperCo
de/myPlots/Ratio_C12_1161_MissMomentum_GTEST19_10b_00_000_QE.pdf Graphic file (
type pdf)
<use /home/afroditi/Dropbox/PhD/myCode/30th_Refactorization/e4nu/eGENIEPaperCod
e/myPlots/Ratio_C12_1161_MissMomentum_GTEST19_10b_00_000_QE.pdf>
Package pdftex.def Info: /home/afroditi/Dropbox/PhD/myCode/30th_Refactorization
/e4nu/eGENIEPaperCode/myPlots/Ratio_C12_1161_MissMomentum_GTEST19_10b_00_000_QE
.pdf  used on input line 166.
(pdftex.def)             Requested size: 228.64882pt x 165.34052pt.
</home/afroditi/Dropbox/PhD/myCode/30th_Refactorization/e4nu/eGENIEPaperCode/my
Plots/Ratio_C12_1161_MissMomentum_G18_10a_02_11a_QE.pdf, id=1660, 569.12625pt x
 411.5375pt>
File: /home/afroditi/Dropbox/PhD/myCode/30th_Refactorization/e4nu/eGENIEPaperCo
de/myPlots/Ratio_C12_1161_MissMomentum_G18_10a_02_11a_QE.pdf Graphic file (type
 pdf)
<use /home/afroditi/Dropbox/PhD/myCode/30th_Refactorization/e4nu/eGENIEPaperCod
e/myPlots/Ratio_C12_1161_MissMomentum_G18_10a_02_11a_QE.pdf>
Package pdftex.def Info: /home/afroditi/Dropbox/PhD/myCode/30th_Refactorization
/e4nu/eGENIEPaperCode/myPlots/Ratio_C12_1161_MissMomentum_G18_10a_02_11a_QE.pdf
  used on input line 166.
(pdftex.def)             Requested size: 228.64882pt x 165.34052pt.
</home/afroditi/Dropbox/PhD/myCode/30th_Refactorization/e4nu/eGENIEPaperCode/my
Plots/Ratio_C12_1161_MissMomentum_G18_10b_02_11a_QE.pdf, id=1661, 569.12625pt x
 411.5375pt>
File: /home/afroditi/Dropbox/PhD/myCode/30th_Refactorization/e4nu/eGENIEPaperCo
de/myPlots/Ratio_C12_1161_MissMomentum_G18_10b_02_11a_QE.pdf Graphic file (type
 pdf)
<use /home/afroditi/Dropbox/PhD/myCode/30th_Refactorization/e4nu/eGENIEPaperCod
e/myPlots/Ratio_C12_1161_MissMomentum_G18_10b_02_11a_QE.pdf>
Package pdftex.def Info: /home/afroditi/Dropbox/PhD/myCode/30th_Refactorization
/e4nu/eGENIEPaperCode/myPlots/Ratio_C12_1161_MissMomentum_G18_10b_02_11a_QE.pdf
  used on input line 166.
(pdftex.def)             Requested size: 228.64882pt x 165.34052pt.
</home/afroditi/Dropbox/PhD/myCode/30th_Refactorization/e4nu/eGENIEPaperCode/my
Plots/DoubleRatio_C12_1161_MissMomentum_QE.pdf, id=1662, 569.12625pt x 411.5375
pt>
File: /home/afroditi/Dropbox/PhD/myCode/30th_Refactorization/e4nu/eGENIEPaperCo
de/myPlots/DoubleRatio_C12_1161_MissMomentum_QE.pdf Graphic file (type pdf)
<use /home/afroditi/Dropbox/PhD/myCode/30th_Refactorization/e4nu/eGENIEPaperCod
e/myPlots/DoubleRatio_C12_1161_MissMomentum_QE.pdf>
Package pdftex.def Info: /home/afroditi/Dropbox/PhD/myCode/30th_Refactorization
/e4nu/eGENIEPaperCode/myPlots/DoubleRatio_C12_1161_MissMomentum_QE.pdf  used on
 input line 166.
(pdftex.def)             Requested size: 228.64882pt x 165.34052pt.
pdfTeX warning (ext4): destination with the same identifier (name{page.}) has b
een already used, duplicate ignored
<to be read again> 
                   \relax 
l.166 \PrintPlots{MissMomentum}
                                [10

 </home/afroditi/Dropbox/PhD/myCode/30th_Refactorization/e4nu/eGENIEPaperCode/m
yPlots/C12_1161_MissMomentum_GTEST19_10a_00_000_QE.pdf, page is rotated 90 degr
ees> </home/afroditi/Dropbox/PhD/myCode/30th_Refactorization/e4nu/eGENIEPaperCo
de/myPlots/C12_1161_MissMomentum_GTEST19_10b_00_000_QE.pdf, page is rotated 90 
degrees> </home/afroditi/Dropbox/PhD/myCode/30th_Refactorization/e4nu/eGENIEPap
erCode/myPlots/C12_1161_MissMomentum_G18_10a_02_11a_QE.pdf, page is rotated 90 
degrees> </home/afroditi/Dropbox/PhD/myCode/30th_Refactorization/e4nu/eGENIEPap
erCode/myPlots/C12_1161_MissMomentum_G18_10b_02_11a_QE.pdf, page is rotated 90 
degrees>]pdfTeX warning (ext4): destination with the same identifier (name{page
.}) has been already used, duplicate ignored
<to be read again> 
                   \relax 
l.166 \PrintPlots{MissMomentum}
                                [11 </home/afroditi/Dropbox/PhD/myCode/30th_Ref
actorization/e4nu/eGENIEPaperCode/myPlots/Ratio_C12_1161_MissMomentum_GTEST19_1
0a_00_000_QE.pdf, page is rotated 90 degrees> </home/afroditi/Dropbox/PhD/myCod
e/30th_Refactorization/e4nu/eGENIEPaperCode/myPlots/Ratio_C12_1161_MissMomentum
_GTEST19_10b_00_000_QE.pdf, page is rotated 90 degrees> </home/afroditi/Dropbox
/PhD/myCode/30th_Refactorization/e4nu/eGENIEPaperCode/myPlots/Ratio_C12_1161_Mi
ssMomentum_G18_10a_02_11a_QE.pdf, page is rotated 90 degrees> </home/afroditi/D
ropbox/PhD/myCode/30th_Refactorization/e4nu/eGENIEPaperCode/myPlots/Ratio_C12_1
161_MissMomentum_G18_10b_02_11a_QE.pdf, page is rotated 90 degrees> </home/afro
diti/Dropbox/PhD/myCode/30th_Refactorization/e4nu/eGENIEPaperCode/myPlots/Doubl
eRatio_C12_1161_MissMomentum_QE.pdf, page is rotated 90 degrees>]

Package hyperref Warning: Token not allowed in a PDF string (Unicode):
(hyperref)                removing `math shift' on input line 170.


Package hyperref Warning: Token not allowed in a PDF string (Unicode):
(hyperref)                removing `subscript' on input line 170.


Package hyperref Warning: Token not allowed in a PDF string (Unicode):
(hyperref)                removing `math shift' on input line 170.

</home/afroditi/Dropbox/PhD/myCode/30th_Refactorization/e4nu/eGENIEPaperCode/my
Plots/C12_1161_DeltaAlphaT_GTEST19_10a_00_000_QE.pdf, id=2062, 569.12625pt x 41
1.5375pt>
File: /home/afroditi/Dropbox/PhD/myCode/30th_Refactorization/e4nu/eGENIEPaperCo
de/myPlots/C12_1161_DeltaAlphaT_GTEST19_10a_00_000_QE.pdf Graphic file (type pd
f)
<use /home/afroditi/Dropbox/PhD/myCode/30th_Refactorization/e4nu/eGENIEPaperCod
e/myPlots/C12_1161_DeltaAlphaT_GTEST19_10a_00_000_QE.pdf>
Package pdftex.def Info: /home/afroditi/Dropbox/PhD/myCode/30th_Refactorization
/e4nu/eGENIEPaperCode/myPlots/C12_1161_DeltaAlphaT_GTEST19_10a_00_000_QE.pdf  u
sed on input line 172.
(pdftex.def)             Requested size: 228.64882pt x 165.34052pt.
</home/afroditi/Dropbox/PhD/myCode/30th_Refactorization/e4nu/eGENIEPaperCode/my
Plots/C12_1161_DeltaAlphaT_GTEST19_10b_00_000_QE.pdf, id=2063, 569.12625pt x 41
1.5375pt>
File: /home/afroditi/Dropbox/PhD/myCode/30th_Refactorization/e4nu/eGENIEPaperCo
de/myPlots/C12_1161_DeltaAlphaT_GTEST19_10b_00_000_QE.pdf Graphic file (type pd
f)
<use /home/afroditi/Dropbox/PhD/myCode/30th_Refactorization/e4nu/eGENIEPaperCod
e/myPlots/C12_1161_DeltaAlphaT_GTEST19_10b_00_000_QE.pdf>
Package pdftex.def Info: /home/afroditi/Dropbox/PhD/myCode/30th_Refactorization
/e4nu/eGENIEPaperCode/myPlots/C12_1161_DeltaAlphaT_GTEST19_10b_00_000_QE.pdf  u
sed on input line 172.
(pdftex.def)             Requested size: 228.64882pt x 165.34052pt.
</home/afroditi/Dropbox/PhD/myCode/30th_Refactorization/e4nu/eGENIEPaperCode/my
Plots/C12_1161_DeltaAlphaT_G18_10a_02_11a_QE.pdf, id=2064, 569.12625pt x 411.53
75pt>
File: /home/afroditi/Dropbox/PhD/myCode/30th_Refactorization/e4nu/eGENIEPaperCo
de/myPlots/C12_1161_DeltaAlphaT_G18_10a_02_11a_QE.pdf Graphic file (type pdf)
<use /home/afroditi/Dropbox/PhD/myCode/30th_Refactorization/e4nu/eGENIEPaperCod
e/myPlots/C12_1161_DeltaAlphaT_G18_10a_02_11a_QE.pdf>
Package pdftex.def Info: /home/afroditi/Dropbox/PhD/myCode/30th_Refactorization
/e4nu/eGENIEPaperCode/myPlots/C12_1161_DeltaAlphaT_G18_10a_02_11a_QE.pdf  used 
on input line 172.
(pdftex.def)             Requested size: 228.64882pt x 165.34052pt.
</home/afroditi/Dropbox/PhD/myCode/30th_Refactorization/e4nu/eGENIEPaperCode/my
Plots/C12_1161_DeltaAlphaT_G18_10b_02_11a_QE.pdf, id=2065, 569.12625pt x 411.53
75pt>
File: /home/afroditi/Dropbox/PhD/myCode/30th_Refactorization/e4nu/eGENIEPaperCo
de/myPlots/C12_1161_DeltaAlphaT_G18_10b_02_11a_QE.pdf Graphic file (type pdf)
<use /home/afroditi/Dropbox/PhD/myCode/30th_Refactorization/e4nu/eGENIEPaperCod
e/myPlots/C12_1161_DeltaAlphaT_G18_10b_02_11a_QE.pdf>
Package pdftex.def Info: /home/afroditi/Dropbox/PhD/myCode/30th_Refactorization
/e4nu/eGENIEPaperCode/myPlots/C12_1161_DeltaAlphaT_G18_10b_02_11a_QE.pdf  used 
on input line 172.
(pdftex.def)             Requested size: 228.64882pt x 165.34052pt.
</home/afroditi/Dropbox/PhD/myCode/30th_Refactorization/e4nu/eGENIEPaperCode/my
Plots/Ratio_C12_1161_DeltaAlphaT_GTEST19_10a_00_000_QE.pdf, id=2066, 569.12625p
t x 411.5375pt>
File: /home/afroditi/Dropbox/PhD/myCode/30th_Refactorization/e4nu/eGENIEPaperCo
de/myPlots/Ratio_C12_1161_DeltaAlphaT_GTEST19_10a_00_000_QE.pdf Graphic file (t
ype pdf)
<use /home/afroditi/Dropbox/PhD/myCode/30th_Refactorization/e4nu/eGENIEPaperCod
e/myPlots/Ratio_C12_1161_DeltaAlphaT_GTEST19_10a_00_000_QE.pdf>
Package pdftex.def Info: /home/afroditi/Dropbox/PhD/myCode/30th_Refactorization
/e4nu/eGENIEPaperCode/myPlots/Ratio_C12_1161_DeltaAlphaT_GTEST19_10a_00_000_QE.
pdf  used on input line 172.
(pdftex.def)             Requested size: 228.64882pt x 165.34052pt.
</home/afroditi/Dropbox/PhD/myCode/30th_Refactorization/e4nu/eGENIEPaperCode/my
Plots/Ratio_C12_1161_DeltaAlphaT_GTEST19_10b_00_000_QE.pdf, id=2067, 569.12625p
t x 411.5375pt>
File: /home/afroditi/Dropbox/PhD/myCode/30th_Refactorization/e4nu/eGENIEPaperCo
de/myPlots/Ratio_C12_1161_DeltaAlphaT_GTEST19_10b_00_000_QE.pdf Graphic file (t
ype pdf)
<use /home/afroditi/Dropbox/PhD/myCode/30th_Refactorization/e4nu/eGENIEPaperCod
e/myPlots/Ratio_C12_1161_DeltaAlphaT_GTEST19_10b_00_000_QE.pdf>
Package pdftex.def Info: /home/afroditi/Dropbox/PhD/myCode/30th_Refactorization
/e4nu/eGENIEPaperCode/myPlots/Ratio_C12_1161_DeltaAlphaT_GTEST19_10b_00_000_QE.
pdf  used on input line 172.
(pdftex.def)             Requested size: 228.64882pt x 165.34052pt.
</home/afroditi/Dropbox/PhD/myCode/30th_Refactorization/e4nu/eGENIEPaperCode/my
Plots/Ratio_C12_1161_DeltaAlphaT_G18_10a_02_11a_QE.pdf, id=2068, 569.12625pt x 
411.5375pt>
File: /home/afroditi/Dropbox/PhD/myCode/30th_Refactorization/e4nu/eGENIEPaperCo
de/myPlots/Ratio_C12_1161_DeltaAlphaT_G18_10a_02_11a_QE.pdf Graphic file (type 
pdf)
<use /home/afroditi/Dropbox/PhD/myCode/30th_Refactorization/e4nu/eGENIEPaperCod
e/myPlots/Ratio_C12_1161_DeltaAlphaT_G18_10a_02_11a_QE.pdf>
Package pdftex.def Info: /home/afroditi/Dropbox/PhD/myCode/30th_Refactorization
/e4nu/eGENIEPaperCode/myPlots/Ratio_C12_1161_DeltaAlphaT_G18_10a_02_11a_QE.pdf 
 used on input line 172.
(pdftex.def)             Requested size: 228.64882pt x 165.34052pt.
</home/afroditi/Dropbox/PhD/myCode/30th_Refactorization/e4nu/eGENIEPaperCode/my
Plots/Ratio_C12_1161_DeltaAlphaT_G18_10b_02_11a_QE.pdf, id=2069, 569.12625pt x 
411.5375pt>
File: /home/afroditi/Dropbox/PhD/myCode/30th_Refactorization/e4nu/eGENIEPaperCo
de/myPlots/Ratio_C12_1161_DeltaAlphaT_G18_10b_02_11a_QE.pdf Graphic file (type 
pdf)
<use /home/afroditi/Dropbox/PhD/myCode/30th_Refactorization/e4nu/eGENIEPaperCod
e/myPlots/Ratio_C12_1161_DeltaAlphaT_G18_10b_02_11a_QE.pdf>
Package pdftex.def Info: /home/afroditi/Dropbox/PhD/myCode/30th_Refactorization
/e4nu/eGENIEPaperCode/myPlots/Ratio_C12_1161_DeltaAlphaT_G18_10b_02_11a_QE.pdf 
 used on input line 172.
(pdftex.def)             Requested size: 228.64882pt x 165.34052pt.
</home/afroditi/Dropbox/PhD/myCode/30th_Refactorization/e4nu/eGENIEPaperCode/my
Plots/DoubleRatio_C12_1161_DeltaAlphaT_QE.pdf, id=2070, 569.12625pt x 411.5375p
t>
File: /home/afroditi/Dropbox/PhD/myCode/30th_Refactorization/e4nu/eGENIEPaperCo
de/myPlots/DoubleRatio_C12_1161_DeltaAlphaT_QE.pdf Graphic file (type pdf)
<use /home/afroditi/Dropbox/PhD/myCode/30th_Refactorization/e4nu/eGENIEPaperCod
e/myPlots/DoubleRatio_C12_1161_DeltaAlphaT_QE.pdf>
Package pdftex.def Info: /home/afroditi/Dropbox/PhD/myCode/30th_Refactorization
/e4nu/eGENIEPaperCode/myPlots/DoubleRatio_C12_1161_DeltaAlphaT_QE.pdf  used on 
input line 172.
(pdftex.def)             Requested size: 228.64882pt x 165.34052pt.
pdfTeX warning (ext4): destination with the same identifier (name{page.}) has b
een already used, duplicate ignored
<to be read again> 
                   \relax 
l.172 \PrintPlots{DeltaAlphaT}
                               [12

 </home/afroditi/Dropbox/PhD/myCode/30th_Refactorization/e4nu/eGENIEPaperCode/m
yPlots/C12_1161_DeltaAlphaT_GTEST19_10a_00_000_QE.pdf, page is rotated 90 degre
es> </home/afroditi/Dropbox/PhD/myCode/30th_Refactorization/e4nu/eGENIEPaperCod
e/myPlots/C12_1161_DeltaAlphaT_GTEST19_10b_00_000_QE.pdf, page is rotated 90 de
grees> </home/afroditi/Dropbox/PhD/myCode/30th_Refactorization/e4nu/eGENIEPaper
Code/myPlots/C12_1161_DeltaAlphaT_G18_10a_02_11a_QE.pdf, page is rotated 90 deg
rees> </home/afroditi/Dropbox/PhD/myCode/30th_Refactorization/e4nu/eGENIEPaperC
ode/myPlots/C12_1161_DeltaAlphaT_G18_10b_02_11a_QE.pdf, page is rotated 90 degr
ees>]pdfTeX warning (ext4): destination with the same identifier (name{page.}) 
has been already used, duplicate ignored
<to be read again> 
                   \relax 
l.172 \PrintPlots{DeltaAlphaT}
                               [13 </home/afroditi/Dropbox/PhD/myCode/30th_Refa
ctorization/e4nu/eGENIEPaperCode/myPlots/Ratio_C12_1161_DeltaAlphaT_GTEST19_10a
_00_000_QE.pdf, page is rotated 90 degrees> </home/afroditi/Dropbox/PhD/myCode/
30th_Refactorization/e4nu/eGENIEPaperCode/myPlots/Ratio_C12_1161_DeltaAlphaT_GT
EST19_10b_00_000_QE.pdf, page is rotated 90 degrees> </home/afroditi/Dropbox/Ph
D/myCode/30th_Refactorization/e4nu/eGENIEPaperCode/myPlots/Ratio_C12_1161_Delta
AlphaT_G18_10a_02_11a_QE.pdf, page is rotated 90 degrees> </home/afroditi/Dropb
ox/PhD/myCode/30th_Refactorization/e4nu/eGENIEPaperCode/myPlots/Ratio_C12_1161_
DeltaAlphaT_G18_10b_02_11a_QE.pdf, page is rotated 90 degrees> </home/afroditi/
Dropbox/PhD/myCode/30th_Refactorization/e4nu/eGENIEPaperCode/myPlots/DoubleRati
o_C12_1161_DeltaAlphaT_QE.pdf, page is rotated 90 degrees>]

Package hyperref Warning: Token not allowed in a PDF string (Unicode):
(hyperref)                removing `math shift' on input line 176.


Package hyperref Warning: Token not allowed in a PDF string (Unicode):
(hyperref)                removing `subscript' on input line 176.


Package hyperref Warning: Token not allowed in a PDF string (Unicode):
(hyperref)                removing `math shift' on input line 176.

</home/afroditi/Dropbox/PhD/myCode/30th_Refactorization/e4nu/eGENIEPaperCode/my
Plots/C12_1161_DeltaPhiT_GTEST19_10a_00_000_QE.pdf, id=2472, 569.12625pt x 411.
5375pt>
File: /home/afroditi/Dropbox/PhD/myCode/30th_Refactorization/e4nu/eGENIEPaperCo
de/myPlots/C12_1161_DeltaPhiT_GTEST19_10a_00_000_QE.pdf Graphic file (type pdf)

<use /home/afroditi/Dropbox/PhD/myCode/30th_Refactorization/e4nu/eGENIEPaperCod
e/myPlots/C12_1161_DeltaPhiT_GTEST19_10a_00_000_QE.pdf>
Package pdftex.def Info: /home/afroditi/Dropbox/PhD/myCode/30th_Refactorization
/e4nu/eGENIEPaperCode/myPlots/C12_1161_DeltaPhiT_GTEST19_10a_00_000_QE.pdf  use
d on input line 178.
(pdftex.def)             Requested size: 228.64882pt x 165.34052pt.
</home/afroditi/Dropbox/PhD/myCode/30th_Refactorization/e4nu/eGENIEPaperCode/my
Plots/C12_1161_DeltaPhiT_GTEST19_10b_00_000_QE.pdf, id=2473, 569.12625pt x 411.
5375pt>
File: /home/afroditi/Dropbox/PhD/myCode/30th_Refactorization/e4nu/eGENIEPaperCo
de/myPlots/C12_1161_DeltaPhiT_GTEST19_10b_00_000_QE.pdf Graphic file (type pdf)

<use /home/afroditi/Dropbox/PhD/myCode/30th_Refactorization/e4nu/eGENIEPaperCod
e/myPlots/C12_1161_DeltaPhiT_GTEST19_10b_00_000_QE.pdf>
Package pdftex.def Info: /home/afroditi/Dropbox/PhD/myCode/30th_Refactorization
/e4nu/eGENIEPaperCode/myPlots/C12_1161_DeltaPhiT_GTEST19_10b_00_000_QE.pdf  use
d on input line 178.
(pdftex.def)             Requested size: 228.64882pt x 165.34052pt.
</home/afroditi/Dropbox/PhD/myCode/30th_Refactorization/e4nu/eGENIEPaperCode/my
Plots/C12_1161_DeltaPhiT_G18_10a_02_11a_QE.pdf, id=2474, 569.12625pt x 411.5375
pt>
File: /home/afroditi/Dropbox/PhD/myCode/30th_Refactorization/e4nu/eGENIEPaperCo
de/myPlots/C12_1161_DeltaPhiT_G18_10a_02_11a_QE.pdf Graphic file (type pdf)
<use /home/afroditi/Dropbox/PhD/myCode/30th_Refactorization/e4nu/eGENIEPaperCod
e/myPlots/C12_1161_DeltaPhiT_G18_10a_02_11a_QE.pdf>
Package pdftex.def Info: /home/afroditi/Dropbox/PhD/myCode/30th_Refactorization
/e4nu/eGENIEPaperCode/myPlots/C12_1161_DeltaPhiT_G18_10a_02_11a_QE.pdf  used on
 input line 178.
(pdftex.def)             Requested size: 228.64882pt x 165.34052pt.
</home/afroditi/Dropbox/PhD/myCode/30th_Refactorization/e4nu/eGENIEPaperCode/my
Plots/C12_1161_DeltaPhiT_G18_10b_02_11a_QE.pdf, id=2475, 569.12625pt x 411.5375
pt>
File: /home/afroditi/Dropbox/PhD/myCode/30th_Refactorization/e4nu/eGENIEPaperCo
de/myPlots/C12_1161_DeltaPhiT_G18_10b_02_11a_QE.pdf Graphic file (type pdf)
<use /home/afroditi/Dropbox/PhD/myCode/30th_Refactorization/e4nu/eGENIEPaperCod
e/myPlots/C12_1161_DeltaPhiT_G18_10b_02_11a_QE.pdf>
Package pdftex.def Info: /home/afroditi/Dropbox/PhD/myCode/30th_Refactorization
/e4nu/eGENIEPaperCode/myPlots/C12_1161_DeltaPhiT_G18_10b_02_11a_QE.pdf  used on
 input line 178.
(pdftex.def)             Requested size: 228.64882pt x 165.34052pt.
</home/afroditi/Dropbox/PhD/myCode/30th_Refactorization/e4nu/eGENIEPaperCode/my
Plots/Ratio_C12_1161_DeltaPhiT_GTEST19_10a_00_000_QE.pdf, id=2476, 569.12625pt 
x 411.5375pt>
File: /home/afroditi/Dropbox/PhD/myCode/30th_Refactorization/e4nu/eGENIEPaperCo
de/myPlots/Ratio_C12_1161_DeltaPhiT_GTEST19_10a_00_000_QE.pdf Graphic file (typ
e pdf)
<use /home/afroditi/Dropbox/PhD/myCode/30th_Refactorization/e4nu/eGENIEPaperCod
e/myPlots/Ratio_C12_1161_DeltaPhiT_GTEST19_10a_00_000_QE.pdf>
Package pdftex.def Info: /home/afroditi/Dropbox/PhD/myCode/30th_Refactorization
/e4nu/eGENIEPaperCode/myPlots/Ratio_C12_1161_DeltaPhiT_GTEST19_10a_00_000_QE.pd
f  used on input line 178.
(pdftex.def)             Requested size: 228.64882pt x 165.34052pt.
</home/afroditi/Dropbox/PhD/myCode/30th_Refactorization/e4nu/eGENIEPaperCode/my
Plots/Ratio_C12_1161_DeltaPhiT_GTEST19_10b_00_000_QE.pdf, id=2477, 569.12625pt 
x 411.5375pt>
File: /home/afroditi/Dropbox/PhD/myCode/30th_Refactorization/e4nu/eGENIEPaperCo
de/myPlots/Ratio_C12_1161_DeltaPhiT_GTEST19_10b_00_000_QE.pdf Graphic file (typ
e pdf)
<use /home/afroditi/Dropbox/PhD/myCode/30th_Refactorization/e4nu/eGENIEPaperCod
e/myPlots/Ratio_C12_1161_DeltaPhiT_GTEST19_10b_00_000_QE.pdf>
Package pdftex.def Info: /home/afroditi/Dropbox/PhD/myCode/30th_Refactorization
/e4nu/eGENIEPaperCode/myPlots/Ratio_C12_1161_DeltaPhiT_GTEST19_10b_00_000_QE.pd
f  used on input line 178.
(pdftex.def)             Requested size: 228.64882pt x 165.34052pt.
</home/afroditi/Dropbox/PhD/myCode/30th_Refactorization/e4nu/eGENIEPaperCode/my
Plots/Ratio_C12_1161_DeltaPhiT_G18_10a_02_11a_QE.pdf, id=2478, 569.12625pt x 41
1.5375pt>
File: /home/afroditi/Dropbox/PhD/myCode/30th_Refactorization/e4nu/eGENIEPaperCo
de/myPlots/Ratio_C12_1161_DeltaPhiT_G18_10a_02_11a_QE.pdf Graphic file (type pd
f)
<use /home/afroditi/Dropbox/PhD/myCode/30th_Refactorization/e4nu/eGENIEPaperCod
e/myPlots/Ratio_C12_1161_DeltaPhiT_G18_10a_02_11a_QE.pdf>
Package pdftex.def Info: /home/afroditi/Dropbox/PhD/myCode/30th_Refactorization
/e4nu/eGENIEPaperCode/myPlots/Ratio_C12_1161_DeltaPhiT_G18_10a_02_11a_QE.pdf  u
sed on input line 178.
(pdftex.def)             Requested size: 228.64882pt x 165.34052pt.
</home/afroditi/Dropbox/PhD/myCode/30th_Refactorization/e4nu/eGENIEPaperCode/my
Plots/Ratio_C12_1161_DeltaPhiT_G18_10b_02_11a_QE.pdf, id=2479, 569.12625pt x 41
1.5375pt>
File: /home/afroditi/Dropbox/PhD/myCode/30th_Refactorization/e4nu/eGENIEPaperCo
de/myPlots/Ratio_C12_1161_DeltaPhiT_G18_10b_02_11a_QE.pdf Graphic file (type pd
f)
<use /home/afroditi/Dropbox/PhD/myCode/30th_Refactorization/e4nu/eGENIEPaperCod
e/myPlots/Ratio_C12_1161_DeltaPhiT_G18_10b_02_11a_QE.pdf>
Package pdftex.def Info: /home/afroditi/Dropbox/PhD/myCode/30th_Refactorization
/e4nu/eGENIEPaperCode/myPlots/Ratio_C12_1161_DeltaPhiT_G18_10b_02_11a_QE.pdf  u
sed on input line 178.
(pdftex.def)             Requested size: 228.64882pt x 165.34052pt.
</home/afroditi/Dropbox/PhD/myCode/30th_Refactorization/e4nu/eGENIEPaperCode/my
Plots/DoubleRatio_C12_1161_DeltaPhiT_QE.pdf, id=2480, 569.12625pt x 411.5375pt>

File: /home/afroditi/Dropbox/PhD/myCode/30th_Refactorization/e4nu/eGENIEPaperCo
de/myPlots/DoubleRatio_C12_1161_DeltaPhiT_QE.pdf Graphic file (type pdf)
<use /home/afroditi/Dropbox/PhD/myCode/30th_Refactorization/e4nu/eGENIEPaperCod
e/myPlots/DoubleRatio_C12_1161_DeltaPhiT_QE.pdf>
Package pdftex.def Info: /home/afroditi/Dropbox/PhD/myCode/30th_Refactorization
/e4nu/eGENIEPaperCode/myPlots/DoubleRatio_C12_1161_DeltaPhiT_QE.pdf  used on in
put line 178.
(pdftex.def)             Requested size: 228.64882pt x 165.34052pt.
pdfTeX warning (ext4): destination with the same identifier (name{page.}) has b
een already used, duplicate ignored
<to be read again> 
                   \relax 
l.178 \PrintPlots{DeltaPhiT}
                             [14

 </home/afroditi/Dropbox/PhD/myCode/30th_Refactorization/e4nu/eGENIEPaperCode/m
yPlots/C12_1161_DeltaPhiT_GTEST19_10a_00_000_QE.pdf, page is rotated 90 degrees
> </home/afroditi/Dropbox/PhD/myCode/30th_Refactorization/e4nu/eGENIEPaperCode/
myPlots/C12_1161_DeltaPhiT_GTEST19_10b_00_000_QE.pdf, page is rotated 90 degree
s> </home/afroditi/Dropbox/PhD/myCode/30th_Refactorization/e4nu/eGENIEPaperCode
/myPlots/C12_1161_DeltaPhiT_G18_10a_02_11a_QE.pdf, page is rotated 90 degrees> 
</home/afroditi/Dropbox/PhD/myCode/30th_Refactorization/e4nu/eGENIEPaperCode/my
Plots/C12_1161_DeltaPhiT_G18_10b_02_11a_QE.pdf, page is rotated 90 degrees>]pdf
TeX warning (ext4): destination with the same identifier (name{page.}) has been
 already used, duplicate ignored
<to be read again> 
                   \relax 
l.178 \PrintPlots{DeltaPhiT}
                             [15 </home/afroditi/Dropbox/PhD/myCode/30th_Refact
orization/e4nu/eGENIEPaperCode/myPlots/Ratio_C12_1161_DeltaPhiT_GTEST19_10a_00_
000_QE.pdf, page is rotated 90 degrees> </home/afroditi/Dropbox/PhD/myCode/30th
_Refactorization/e4nu/eGENIEPaperCode/myPlots/Ratio_C12_1161_DeltaPhiT_GTEST19_
10b_00_000_QE.pdf, page is rotated 90 degrees> </home/afroditi/Dropbox/PhD/myCo
de/30th_Refactorization/e4nu/eGENIEPaperCode/myPlots/Ratio_C12_1161_DeltaPhiT_G
18_10a_02_11a_QE.pdf, page is rotated 90 degrees> </home/afroditi/Dropbox/PhD/m
yCode/30th_Refactorization/e4nu/eGENIEPaperCode/myPlots/Ratio_C12_1161_DeltaPhi
T_G18_10b_02_11a_QE.pdf, page is rotated 90 degrees> </home/afroditi/Dropbox/Ph
D/myCode/30th_Refactorization/e4nu/eGENIEPaperCode/myPlots/DoubleRatio_C12_1161
_DeltaPhiT_QE.pdf, page is rotated 90 degrees>]
Package atveryend Info: Empty hook `BeforeClearDocument' on input line 183.
Package atveryend Info: Empty hook `AfterLastShipout' on input line 183.
 (./main.aux)
Package atveryend Info: Executing hook `AtVeryEndDocument' on input line 183.
Package atveryend Info: Empty hook `AtEndAfterFileList' on input line 183.
Package atveryend Info: Empty hook `AtVeryVeryEnd' on input line 183.
 ) 
Here is how much of TeX's memory you used:
 25164 strings out of 492982
 462628 string characters out of 6134895
 494120 words of memory out of 5000000
 28243 multiletter control sequences out of 15000+600000
 18258 words of font info for 52 fonts, out of 8000000 for 9000
 1141 hyphenation exceptions out of 8191
 62i,14n,92p,907b,1754s stack positions out of 5000i,500n,10000p,200000b,80000s
{/usr/share/texmf/fonts/enc/dvips/cm-super/cm-super-t1.enc}</usr/share/texliv
e/texmf-dist/fonts/type1/public/amsfonts/cm/cmmi10.pfb></usr/share/texlive/texm
f-dist/fonts/type1/public/amsfonts/cm/cmmi12.pfb></usr/share/texlive/texmf-dist
/fonts/type1/public/amsfonts/cm/cmmi7.pfb></usr/share/texlive/texmf-dist/fonts/
type1/public/amsfonts/cm/cmr7.pfb></usr/share/texlive/texmf-dist/fonts/type1/pu
blic/amsfonts/cm/cmsy10.pfb></usr/share/texmf/fonts/type1/public/cm-super/sfbx1
440.pfb></usr/share/texmf/fonts/type1/public/cm-super/sfbx2488.pfb></usr/share/
texmf/fonts/type1/public/cm-super/sfrm1000.pfb></usr/share/texmf/fonts/type1/pu
blic/cm-super/sfrm1200.pfb></usr/share/texmf/fonts/type1/public/cm-super/sfsl10
00.pfb>
Output written on main.pdf (15 pages, 879622 bytes).
PDF statistics:
 2950 PDF objects out of 2984 (max. 8388607)
 1272 compressed objects within 13 object streams
 32 named destinations out of 1000 (max. 500000)
 400 words of extra memory for PDF output out of 10000 (max. 10000000)

