3.7500000000000000 0.0000000000000000 0.0000000000000000
11.250000000000000 0.0000000000000000 0.0000000000000000
18.750000000000000 0.0000000000000000 0.0000000000000000
26.250000000000000 0.0000000000000000 0.0000000000000000
33.750000000000000 0.0000000000000000 0.0000000000000000
41.250000000000000 0.0000000000000000 0.0000000000000000
48.750000000000000 1.2976692066839406E-003 1.2976692066839406E-003
56.250000000000000 1.7013877662419224E-002 4.7310025877512884E-003
63.750000000000000 5.5304124833451748E-002 8.8814896178972275E-003
71.250000000000000 0.22961958754419062 1.8173465791488781E-002
78.750000000000000 0.58031323797929246 2.9894391597440190E-002
86.250000000000000 1.1048781078428787 4.2185240608661884E-002
93.750000000000000 2.1096962591913373 6.0214144693807710E-002
101.25000000000000 4.2830964075730211 8.7490052040012076E-002
108.75000000000000 13.651567818375224 0.17620246620636654
116.25000000000000 34.440389808663660 0.29315644929681145
123.75000000000000 71.343959411469910 0.43592441085090944
131.25000000000000 120.36228909014677 0.57649307253012461
138.75000000000000 208.55689560038192 0.76854996936741538
146.25000000000000 327.62305805433346 0.96654393893402746
153.75000000000000 494.14825290108610 1.1797395282434766
161.25000000000000 554.31316477067708 1.2383086682393352
168.75000000000000 800.48061200162499 1.4502809064315738
176.25000000000000 1016.0228689155933 1.6009554547327194
183.75000000000000 1345.8995274309852 1.7576845725805290
191.25000000000000 1503.6140641669595 1.7795686357331615
198.75000000000000 1822.5528665581064 1.8766100825593346
206.25000000000000 2080.4296613168171 1.9461485413844821
213.75000000000000 2337.7073127986660 2.0430684617865680
221.25000000000000 2497.7247134146878 2.0337769130738490
228.75000000000000 2678.9321210227590 2.1360250808148793
236.25000000000000 2818.7059370590787 2.2568789549060959
243.75000000000000 2919.7845608836956 2.3301650994912064
251.25000000000000 3042.4741123916210 2.5101471965849003
258.75000000000000 3089.9732141267727 2.6869933601704172
266.25000000000000 3151.1477549631763 2.6970549040030072
273.75000000000000 3146.4956435339577 2.7452584059001741
281.25000000000000 3143.4852278712933 2.6709613537755326
288.75000000000000 3065.6784185848346 2.4693743737409783
296.25000000000000 3013.6569277012995 2.3005667847847207
303.75000000000000 2869.2128212863022 2.1875387316573094
311.25000000000000 2781.7028942500983 2.0554000501466185
318.75000000000000 2518.9083006857709 1.9920366453103666
326.25000000000000 2412.8553544787960 1.8686958496736177
333.75000000000000 2125.8940540217509 1.8809169056098012
341.25000000000000 1837.0158108354749 1.8556970914254656
348.75000000000000 1693.5880034664121 1.7938517680349639
356.25000000000000 1441.2034430417696 1.7389491042842260
363.75000000000000 1303.1892868471482 1.6676990979777697
371.25000000000000 1224.5766885950372 1.6103069957507861
378.75000000000000 995.04550859404560 1.5251954275902471
386.25000000000000 922.62876372536221 1.4492489298062796
393.75000000000000 733.38410243187195 1.3389130044496247
401.25000000000000 662.66841243040506 1.2647097263259954
408.75000000000000 549.19998039038740 1.1625996478709120
416.25000000000000 494.21896519342556 1.0935853437608469
423.75000000000000 395.64142419405113 0.98991755302279083
431.25000000000000 356.17391396911660 0.93007741345162309
438.75000000000000 335.57373055422863 0.89240916350851407
446.25000000000000 270.66520464447211 0.80171038201782163
453.75000000000000 246.19321035282840 0.75526337524510168
461.25000000000000 204.18191573954499 0.68848626542718128
468.75000000000000 199.89285315043313 0.66568481567736792
476.25000000000000 178.56480568970227 0.62485446680177936
483.75000000000000 158.19359433845221 0.58709422495919206
491.25000000000000 150.53609524118406 0.56447733119736720
498.75000000000000 144.12540943528850 0.54412162145604137
506.25000000000000 130.77711416630436 0.51806682357176759
513.75000000000000 125.03640654512098 0.50222440298506743
521.25000000000000 122.33939511108066 0.49036087180752058
528.75000000000000 110.93975135975040 0.46662757270636751
536.25000000000000 112.26034049743208 0.46288360372111126
543.75000000000000 105.82731217513644 0.44804631178158155
551.25000000000000 106.39202046645875 0.44465388149380092
558.75000000000000 100.35276377866427 0.43029648520820618
566.25000000000000 103.18791866236728 0.42942683622163946
573.75000000000000 95.082603776288948 0.41270949498197729
581.25000000000000 95.377682330517729 0.40765043864107958
588.75000000000000 94.207912676127194 0.40104658704056662
596.25000000000000 84.876609663452442 0.38036757579126379
